\BOOKMARK [1][-]{section.1}{\376\377\116\373\122\241\143\317\217\360}{}% 1
\BOOKMARK [1][-]{section.2}{\376\377\225\356\230\230\131\015\217\360}{}% 2
\BOOKMARK [2][-]{subsection.2.1}{\376\377\142\113\122\250\133\236\163\260\000S\000V\000M\166\204\000S\000M\000O\173\227\154\325}{section.2}% 3
\BOOKMARK [2][-]{subsection.2.2}{\376\377\117\177\165\050\000s\000k\000l\000e\000a\000r\000n\136\223\173\200\155\001\133\236\163\260\217\157\225\364\226\224\000S\000V\000M}{section.2}% 4
\BOOKMARK [3][-]{subsubsection.2.2.1}{\376\377\117\177\165\050\000s\000k\000l\000e\000a\000r\000n\136\223\173\200\155\001\133\236\163\260\217\157\225\364\226\224\000S\000V\000M\060\002\231\226\121\110\133\236\163\260\116\345\116\013\0004\116\052\171\072\117\213\140\047\166\204\000S\000V\000M\152\041\127\213\377\032}{subsection.2.2}% 5
\BOOKMARK [3][-]{subsubsection.2.2.2}{\376\377\123\302\145\160\220\011\142\351\116\016\123\302\145\160\122\006\147\220}{subsection.2.2}% 6
\BOOKMARK [1][-]{section.3}{\376\377\133\236\232\214\163\257\130\203}{}% 7
\BOOKMARK [1][-]{section.4}{\376\377\133\236\232\214\217\307\172\013}{}% 8
\BOOKMARK [2][-]{subsection.4.1}{\376\377\142\113\122\250\133\236\163\260\000S\000M\000O\173\227\154\325}{section.4}% 9
\BOOKMARK [3][-]{subsubsection.4.1.1}{\376\377\117\040\176\337\000Q\000P\173\227\154\325\154\102\211\343\170\154\225\364\226\224\000S\000V\000M\166\204\133\371\120\166\225\356\230\230}{subsection.4.1}% 10
\BOOKMARK [3][-]{subsubsection.4.1.2}{\376\377\142\113\122\250\133\236\163\260\000S\000M\000O\173\227\154\325\000\040\154\102\211\343\000S\000V\000M\133\371\120\166\225\356\230\230}{subsection.4.1}% 11
\BOOKMARK [3][-]{subsubsection.4.1.3}{\376\377\133\371\155\113\213\325\145\160\143\156\217\333\210\114\230\204\155\113}{subsection.4.1}% 12
\BOOKMARK [3][-]{subsubsection.4.1.4}{\376\377\000Q\000P\173\227\154\325\124\214\000S\000M\000O\173\227\154\325\166\204\133\371\153\324}{subsection.4.1}% 13
\BOOKMARK [2][-]{subsection.4.2}{\376\377\117\177\165\050\000s\000k\000l\000e\000a\000r\000n\136\223\173\200\155\001\133\236\163\260\217\157\225\364\226\224\000S\000V\000M}{section.4}% 14
\BOOKMARK [3][-]{subsubsection.4.2.1}{\376\377\133\236\163\260\0004\116\052\171\072\203\003\140\047\166\204\000S\000V\000M\152\041\127\213}{subsection.4.2}% 15
\BOOKMARK [3][-]{subsubsection.4.2.2}{\376\377\123\302\145\160\122\006\147\220\133\236\232\214}{subsection.4.2}% 16
\BOOKMARK [3][-]{subsubsection.4.2.3}{\376\377\133\371\155\113\213\325\145\160\143\156\217\333\210\114\230\204\155\113}{subsection.4.2}% 17
\BOOKMARK [1][-]{section.5}{\376\377\133\236\232\214\140\073\176\323}{}% 18
\BOOKMARK [1][-]{section.5}{\376\377\226\104\137\125}{}% 19
\BOOKMARK [1][-]{appendix.A}{\376\377\142\113\122\250\133\236\163\260\000S\000V\000M\166\204\000S\000M\000O\173\227\154\325\000:\000\040\000m\000a\000n\000u\000a\000l\000.\000i\000p\000y\000n\000b}{}% 20
\BOOKMARK [2][-]{subsection.A.1}{\376\377\117\040\176\337\000Q\000P\173\227\154\325\154\102\211\343\170\154\225\364\226\224\000S\000V\000M\166\204\133\371\120\166\225\356\230\230}{appendix.A}% 21
\BOOKMARK [2][-]{subsection.A.2}{\376\377\142\113\122\250\133\236\163\260\000S\000M\000O}{appendix.A}% 22
\BOOKMARK [1][-]{appendix.B}{\376\377\117\177\165\050\000s\000k\000l\000e\000a\000r\000n\136\223\173\200\155\001\133\236\163\260\217\157\225\364\226\224\000S\000V\000M\000:\000\040\000s\000k\000l\000e\000a\000r\000n\000.\000i\000p\000y\000n\000b}{}% 23
