\BOOKMARK [1][-]{section.1}{\376\377\116\373\122\241\143\317\217\360}{}% 1
\BOOKMARK [1][-]{section.2}{\376\377\145\131\133\146\211\201\154\102}{}% 2
\BOOKMARK [1][-]{section.3}{\376\377\133\236\232\214\211\201\154\102}{}% 3
\BOOKMARK [2][-]{subsection.3.1}{\376\377\117\177\165\050\000P\000y\000t\000h\000o\000n\177\026\172\013\147\204\136\372\142\113\122\250\133\236\163\260\123\125\226\220\134\102\121\150\217\336\143\245\171\136\176\317\177\121\176\334}{section.3}% 4
\BOOKMARK [2][-]{subsection.3.2}{\376\377\117\177\165\050\000P\000y\000T\000o\000r\000c\000h\136\223\173\200\155\001\133\236\163\260\121\150\217\336\143\245\171\136\176\317\177\121\176\334}{section.3}% 5
\BOOKMARK [2][-]{subsection.3.3}{\376\377\143\320\116\244\211\201\154\102}{section.3}% 6
\BOOKMARK [1][-]{section.4}{\376\377\133\236\232\214\220\350\122\006}{}% 7
\BOOKMARK [2][-]{subsection.4.1}{\376\377\133\236\232\214\163\257\130\203}{section.4}% 8
\BOOKMARK [2][-]{subsection.4.2}{\376\377\117\177\165\050\000P\000y\000t\000h\000o\000n\177\026\172\013\147\204\136\372\142\113\122\250\133\236\163\260\123\125\226\220\134\102\121\150\217\336\143\245\171\136\176\317\177\121\176\334}{section.4}% 9
\BOOKMARK [3][-]{subsubsection.4.2.1}{\376\377\152\041\127\213\213\255\176\303\123\302\145\160\116\016\123\357\211\306\123\026}{subsection.4.2}% 10
\BOOKMARK [3][-]{subsubsection.4.2.2}{\376\377\152\041\127\213\213\304\117\060\116\016\133\236\232\214\176\323\147\234}{subsection.4.2}% 11
\BOOKMARK [3][-]{subsubsection.4.2.3}{\376\377\123\302\145\160\122\006\147\220\133\236\232\214}{subsection.4.2}% 12
\BOOKMARK [2][-]{subsection.4.3}{\376\377\117\177\165\050\000P\000y\000T\000o\000r\000c\000h\136\223\173\200\155\001\133\236\163\260\121\150\217\336\143\245\171\136\176\317\177\121\176\334}{section.4}% 13
\BOOKMARK [3][-]{subsubsection.4.3.1}{\376\377\152\041\127\213\213\255\176\303\123\302\145\160\116\016\123\357\211\306\123\026}{subsection.4.3}% 14
\BOOKMARK [3][-]{subsubsection.4.3.2}{\376\377\152\041\127\213\213\304\117\060\116\016\133\236\232\214\176\323\147\234}{subsection.4.3}% 15
\BOOKMARK [3][-]{subsubsection.4.3.3}{\376\377\123\302\145\160\122\006\147\220\133\236\232\214}{subsection.4.3}% 16
\BOOKMARK [1][-]{section.5}{\376\377\133\236\232\214\140\073\176\323}{}% 17
\BOOKMARK [2][-]{subsection.5.1}{\376\377\133\236\232\214\176\323\147\234}{section.5}% 18
\BOOKMARK [2][-]{subsection.5.2}{\376\377\133\236\232\214\141\037\140\237}{section.5}% 19
\BOOKMARK [2][-]{subsection.5.3}{\376\377\133\236\232\214\166\204\116\015\215\263\116\345\123\312\145\071\217\333\145\271\124\021}{section.5}% 20
\BOOKMARK [1][-]{subsection.5.3}{\376\377\226\104\137\125}{}% 21
\BOOKMARK [1][-]{appendix.A}{\376\377\117\177\165\050\000P\000y\000t\000h\000o\000n\177\026\172\013\147\204\136\372\142\113\122\250\133\236\163\260\123\125\226\220\134\102\121\150\217\336\143\245\171\136\176\317\177\121\176\334\000C\000o\000d\000e}{}% 22
\BOOKMARK [1][-]{appendix.B}{\376\377\117\177\165\050\000P\000y\000T\000o\000r\000c\000h\136\223\173\200\155\001\133\236\163\260\121\150\217\336\143\245\171\136\176\317\177\121\176\334\000C\000o\000d\000e}{}% 23
\BOOKMARK [1][-]{appendix.C}{\376\377\000c\000o\000n\000f\000i\000g\000.\000p\000y}{}% 24
\BOOKMARK [1][-]{appendix.D}{\376\377\000p\000r\000e\000d\000i\000c\000t\000.\000p\000y}{}% 25
