This is pdfTeX, Version 3.141592653-2.6-1.40.25 (TeX Live 2023) (preloaded format=pdflatex 2024.2.29)  20 APR 2024 11:51
entering extended mode
 restricted \write18 enabled.
 file:line:error style messages enabled.
 %&-line parsing enabled.
**d:/Ê°åÈù¢/Êú∫Âô®Â≠¶‰π†/MLÂÆûÈ™å/MLÂÆûÈ™å‰∫å/ÂÆûÈ™åÊä•Âëä/ML2.tex
(d:/Ê°åÈù¢/Êú∫Âô®Â≠¶‰π†/MLÂÆûÈ™å/MLÂÆûÈ™å‰∫å/ÂÆûÈ™åÊä•Âëä/ML2.tex
LaTeX2e <2023-11-01> patch level 1
L3 programming layer <2024-02-20>
(d:/Texlive/texlive/2023/texmf-dist/tex/latex/base/article.cls
Document Class: article 2023/05/17 v1.4n Standard LaTeX document class
(d:/Texlive/texlive/2023/texmf-dist/tex/latex/base/size12.clo
File: size12.clo 2023/05/17 v1.4n Standard LaTeX file (size option)
)
\c@part=\count188
\c@section=\count189
\c@subsection=\count190
\c@subsubsection=\count191
\c@paragraph=\count192
\c@subparagraph=\count193
\c@figure=\count194
\c@table=\count195
\abovecaptionskip=\skip48
\belowcaptionskip=\skip49
\bibindent=\dimen140
) (d:/Texlive/texlive/2023/texmf-dist/tex/latex/ctex/ctex.sty (d:/Texlive/texlive/2023/texmf-dist/tex/latex/l3kernel/expl3.sty
Package: expl3 2024-02-20 L3 programming layer (loader) 
 (d:/Texlive/texlive/2023/texmf-dist/tex/latex/l3backend/l3backend-pdftex.def
File: l3backend-pdftex.def 2024-02-20 L3 backend support: PDF output (pdfTeX)
\l__color_backend_stack_int=\count196
\l__pdf_internal_box=\box51
))
Package: ctex 2022/07/14 v2.5.10 Chinese adapter in LaTeX (CTEX)
 (d:/Texlive/texlive/2023/texmf-dist/tex/latex/ctex/ctexhook.sty
Package: ctexhook 2022/07/14 v2.5.10 Document and package hooks (CTEX)
) (d:/Texlive/texlive/2023/texmf-dist/tex/latex/ctex/ctexpatch.sty
Package: ctexpatch 2022/07/14 v2.5.10 Patching commands (CTEX)
) (d:/Texlive/texlive/2023/texmf-dist/tex/latex/base/fix-cm.sty
Package: fix-cm 2020/11/24 v1.1t fixes to LaTeX
 (d:/Texlive/texlive/2023/texmf-dist/tex/latex/base/ts1enc.def
File: ts1enc.def 2001/06/05 v3.0e (jk/car/fm) Standard LaTeX file
LaTeX Font Info:    Redeclaring font encoding TS1 on input line 47.
))
\l__ctex_tmp_int=\count197
\l__ctex_tmp_box=\box52
\l__ctex_tmp_dim=\dimen141
\g__ctex_section_depth_int=\count198
\g__ctex_font_size_int=\count199
 (d:/Texlive/texlive/2023/texmf-dist/tex/latex/ctex/config/ctexopts.cfg
File: ctexopts.cfg 2022/07/14 v2.5.10 Option configuration file (CTEX)
) (d:/Texlive/texlive/2023/texmf-dist/tex/latex/ctex/engine/ctex-engine-pdftex.def
File: ctex-engine-pdftex.def 2022/07/14 v2.5.10 (pdf)LaTeX adapter (CTEX)
 (d:/Texlive/texlive/2023/texmf-dist/tex/latex/cjk/texinput/CJKutf8.sty
Package: CJKutf8 2021/10/16 4.8.5
 (d:/Texlive/texlive/2023/texmf-dist/tex/generic/iftex/ifpdf.sty
Package: ifpdf 2019/10/25 v3.4 ifpdf legacy package. Use iftex instead.
 (d:/Texlive/texlive/2023/texmf-dist/tex/generic/iftex/iftex.sty
Package: iftex 2022/02/03 v1.0f TeX engine tests
)) (d:/Texlive/texlive/2023/texmf-dist/tex/latex/base/inputenc.sty
Package: inputenc 2021/02/14 v1.3d Input encoding file
\inpenc@prehook=\toks17
\inpenc@posthook=\toks18
) (d:/Texlive/texlive/2023/texmf-dist/tex/latex/cjk/texinput/CJK.sty
Package: CJK 2021/10/16 4.8.5
 (d:/Texlive/texlive/2023/texmf-dist/tex/latex/cjk/texinput/mule/MULEenc.sty
Package: MULEenc 2021/10/16 4.8.5
) (d:/Texlive/texlive/2023/texmf-dist/tex/latex/cjk/texinput/CJK.enc
File: CJK.enc 2021/10/16 4.8.5
Now handling font encoding C00 ...
... no UTF-8 mapping file for font encoding C00
Now handling font encoding C05 ...
... no UTF-8 mapping file for font encoding C05
Now handling font encoding C09 ...
... no UTF-8 mapping file for font encoding C09
Now handling font encoding C10 ...
... no UTF-8 mapping file for font encoding C10
Now handling font encoding C20 ...
... no UTF-8 mapping file for font encoding C20
Now handling font encoding C19 ...
... no UTF-8 mapping file for font encoding C19
Now handling font encoding C40 ...
... no UTF-8 mapping file for font encoding C40
Now handling font encoding C42 ...
... no UTF-8 mapping file for font encoding C42
Now handling font encoding C43 ...
... no UTF-8 mapping file for font encoding C43
Now handling font encoding C50 ...
... no UTF-8 mapping file for font encoding C50
Now handling font encoding C52 ...
... no UTF-8 mapping file for font encoding C52
Now handling font encoding C49 ...
... no UTF-8 mapping file for font encoding C49
Now handling font encoding C60 ...
... no UTF-8 mapping file for font encoding C60
Now handling font encoding C61 ...
... no UTF-8 mapping file for font encoding C61
Now handling font encoding C63 ...
... no UTF-8 mapping file for font encoding C63
Now handling font encoding C64 ...
... no UTF-8 mapping file for font encoding C64
Now handling font encoding C65 ...
... no UTF-8 mapping file for font encoding C65
Now handling font encoding C70 ...
... no UTF-8 mapping file for font encoding C70
Now handling font encoding C31 ...
... no UTF-8 mapping file for font encoding C31
Now handling font encoding C32 ...
... no UTF-8 mapping file for font encoding C32
Now handling font encoding C33 ...
... no UTF-8 mapping file for font encoding C33
Now handling font encoding C34 ...
... no UTF-8 mapping file for font encoding C34
Now handling font encoding C35 ...
... no UTF-8 mapping file for font encoding C35
Now handling font encoding C36 ...
... no UTF-8 mapping file for font encoding C36
Now handling font encoding C37 ...
... no UTF-8 mapping file for font encoding C37
Now handling font encoding C80 ...
... no UTF-8 mapping file for font encoding C80
Now handling font encoding C81 ...
... no UTF-8 mapping file for font encoding C81
Now handling font encoding C01 ...
... no UTF-8 mapping file for font encoding C01
Now handling font encoding C11 ...
... no UTF-8 mapping file for font encoding C11
Now handling font encoding C21 ...
... no UTF-8 mapping file for font encoding C21
Now handling font encoding C41 ...
... no UTF-8 mapping file for font encoding C41
Now handling font encoding C62 ...
... no UTF-8 mapping file for font encoding C62
)
\CJK@indent=\box53
) (d:/Texlive/texlive/2023/texmf-dist/tex/latex/base/fontenc.sty
Package: fontenc 2021/04/29 v2.0v Standard LaTeX package
)) (d:/Texlive/texlive/2023/texmf-dist/tex/latex/cjkpunct/CJKpunct.sty
Package: CJKpunct 2016/05/14 4.8.4
\CJKpunct@cnta=\count266
\CJKpunct@cntb=\count267
\CJKpunct@cntc=\count268
\CJKpunct@cntd=\count269
\CJKpunct@cnte=\count270
   defining Unicode char U+2018 (decimal 8216)
   defining Unicode char U+2019 (decimal 8217)
   defining Unicode char U+201C (decimal 8220)
   defining Unicode char U+201D (decimal 8221)
   defining Unicode char U+2014 (decimal 8212)
   defining Unicode char U+2026 (decimal 8230)
 (d:/Texlive/texlive/2023/texmf-dist/tex/latex/cjkpunct/CJKpunct.spa)) (d:/Texlive/texlive/2023/texmf-dist/tex/latex/cjk/texinput/CJKspace.sty
Package: CJKspace 2021/10/16 3.8.0
) (d:/Texlive/texlive/2023/texmf-dist/tex/latex/cjk/texinput/UTF8/UTF8.bdg
File: UTF8.bdg 2021/10/16 4.8.5
) (d:/Texlive/texlive/2023/texmf-dist/tex/latex/ctex/ctexspa.def
File: ctexspa.def 2022/07/14 v2.5.10 Space info for CJKpunct (CTEX)
)
\ccwd=\dimen142
\l__ctex_ccglue_skip=\skip50
)
\l__ctex_ziju_dim=\dimen143
 (d:/Texlive/texlive/2023/texmf-dist/tex/latex/zhnumber/zhnumber.sty
Package: zhnumber 2022/07/14 v3.0 Typesetting numbers with Chinese glyphs
\l__zhnum_scale_int=\count271
\l__zhnum_tmp_int=\count272
 (d:/Texlive/texlive/2023/texmf-dist/tex/latex/zhnumber/zhnumber-utf8.cfg
File: zhnumber-utf8.cfg 2022/07/14 v3.0 Chinese numerals with UTF8 encoding
)) (d:/Texlive/texlive/2023/texmf-dist/tex/latex/ctex/scheme/ctex-scheme-chinese.def
File: ctex-scheme-chinese.def 2022/07/14 v2.5.10 Chinese scheme for generic (CTEX)
 (d:/Texlive/texlive/2023/texmf-dist/tex/latex/ctex/config/ctex-name-utf8.cfg
File: ctex-name-utf8.cfg 2022/07/14 v2.5.10 Caption with encoding UTF-8 (CTEX)
)) (d:/Texlive/texlive/2023/texmf-dist/tex/latex/tools/indentfirst.sty
Package: indentfirst 2023/07/02 v1.03 Indent first paragraph (DPC)
) (d:/Texlive/texlive/2023/texmf-dist/tex/latex/ctex/fontset/ctex-fontset-windows.def
File: ctex-fontset-windows.def 2022/07/14 v2.5.10 Windows fonts definition (CTEX)
)) (d:/Texlive/texlive/2023/texmf-dist/tex/latex/ctex/config/ctex.cfg
File: ctex.cfg 2022/07/14 v2.5.10 Configuration file (CTEX)
) (d:/Texlive/texlive/2023/texmf-dist/tex/latex/geometry/geometry.sty
Package: geometry 2020/01/02 v5.9 Page Geometry
 (d:/Texlive/texlive/2023/texmf-dist/tex/latex/graphics/keyval.sty
Package: keyval 2022/05/29 v1.15 key=value parser (DPC)
\KV@toks@=\toks19
) (d:/Texlive/texlive/2023/texmf-dist/tex/generic/iftex/ifvtex.sty
Package: ifvtex 2019/10/25 v1.7 ifvtex legacy package. Use iftex instead.
)
\Gm@cnth=\count273
\Gm@cntv=\count274
\c@Gm@tempcnt=\count275
\Gm@bindingoffset=\dimen144
\Gm@wd@mp=\dimen145
\Gm@odd@mp=\dimen146
\Gm@even@mp=\dimen147
\Gm@layoutwidth=\dimen148
\Gm@layoutheight=\dimen149
\Gm@layouthoffset=\dimen150
\Gm@layoutvoffset=\dimen151
\Gm@dimlist=\toks20
) (d:/Texlive/texlive/2023/texmf-dist/tex/latex/graphics/graphicx.sty
Package: graphicx 2021/09/16 v1.2d Enhanced LaTeX Graphics (DPC,SPQR)
 (d:/Texlive/texlive/2023/texmf-dist/tex/latex/graphics/graphics.sty
Package: graphics 2022/03/10 v1.4e Standard LaTeX Graphics (DPC,SPQR)
 (d:/Texlive/texlive/2023/texmf-dist/tex/latex/graphics/trig.sty
Package: trig 2021/08/11 v1.11 sin cos tan (DPC)
) (d:/Texlive/texlive/2023/texmf-dist/tex/latex/graphics-cfg/graphics.cfg
File: graphics.cfg 2016/06/04 v1.11 sample graphics configuration
)
Package graphics Info: Driver file: pdftex.def on input line 107.
 (d:/Texlive/texlive/2023/texmf-dist/tex/latex/graphics-def/pdftex.def
File: pdftex.def 2022/09/22 v1.2b Graphics/color driver for pdftex
))
\Gin@req@height=\dimen152
\Gin@req@width=\dimen153
) (d:/Texlive/texlive/2023/texmf-dist/tex/latex/amsmath/amsmath.sty
Package: amsmath 2023/05/13 v2.17o AMS math features
\@mathmargin=\skip51

For additional information on amsmath, use the `?' option.
(d:/Texlive/texlive/2023/texmf-dist/tex/latex/amsmath/amstext.sty
Package: amstext 2021/08/26 v2.01 AMS text
 (d:/Texlive/texlive/2023/texmf-dist/tex/latex/amsmath/amsgen.sty
File: amsgen.sty 1999/11/30 v2.0 generic functions
\@emptytoks=\toks21
\ex@=\dimen154
)) (d:/Texlive/texlive/2023/texmf-dist/tex/latex/amsmath/amsbsy.sty
Package: amsbsy 1999/11/29 v1.2d Bold Symbols
\pmbraise@=\dimen155
) (d:/Texlive/texlive/2023/texmf-dist/tex/latex/amsmath/amsopn.sty
Package: amsopn 2022/04/08 v2.04 operator names
)
\inf@bad=\count276
LaTeX Info: Redefining \frac on input line 234.
\uproot@=\count277
\leftroot@=\count278
LaTeX Info: Redefining \overline on input line 399.
LaTeX Info: Redefining \colon on input line 410.
\classnum@=\count279
\DOTSCASE@=\count280
LaTeX Info: Redefining \ldots on input line 496.
LaTeX Info: Redefining \dots on input line 499.
LaTeX Info: Redefining \cdots on input line 620.
\Mathstrutbox@=\box54
\strutbox@=\box55
LaTeX Info: Redefining \big on input line 722.
LaTeX Info: Redefining \Big on input line 723.
LaTeX Info: Redefining \bigg on input line 724.
LaTeX Info: Redefining \Bigg on input line 725.
\big@size=\dimen156
LaTeX Font Info:    Redeclaring font encoding OML on input line 743.
LaTeX Font Info:    Redeclaring font encoding OMS on input line 744.
\macc@depth=\count281
LaTeX Info: Redefining \bmod on input line 905.
LaTeX Info: Redefining \pmod on input line 910.
LaTeX Info: Redefining \smash on input line 940.
LaTeX Info: Redefining \relbar on input line 970.
LaTeX Info: Redefining \Relbar on input line 971.
\c@MaxMatrixCols=\count282
\dotsspace@=\muskip16
\c@parentequation=\count283
\dspbrk@lvl=\count284
\tag@help=\toks22
\row@=\count285
\column@=\count286
\maxfields@=\count287
\andhelp@=\toks23
\eqnshift@=\dimen157
\alignsep@=\dimen158
\tagshift@=\dimen159
\tagwidth@=\dimen160
\totwidth@=\dimen161
\lineht@=\dimen162
\@envbody=\toks24
\multlinegap=\skip52
\multlinetaggap=\skip53
\mathdisplay@stack=\toks25
LaTeX Info: Redefining \[ on input line 2953.
LaTeX Info: Redefining \] on input line 2954.
) (d:/Texlive/texlive/2023/texmf-dist/tex/latex/pgfgantt/pgfgantt.sty
Package: pgfgantt 2018/01/10 v5.0 Draw Gantt diagrams with TikZ
 (d:/Texlive/texlive/2023/texmf-dist/tex/latex/pgf/frontendlayer/tikz.sty (d:/Texlive/texlive/2023/texmf-dist/tex/latex/pgf/basiclayer/pgf.sty (d:/Texlive/texlive/2023/texmf-dist/tex/latex/pgf/utilities/pgfrcs.sty (d:/Texlive/texlive/2023/texmf-dist/tex/generic/pgf/utilities/pgfutil-common.tex
\pgfutil@everybye=\toks26
\pgfutil@tempdima=\dimen163
\pgfutil@tempdimb=\dimen164
) (d:/Texlive/texlive/2023/texmf-dist/tex/generic/pgf/utilities/pgfutil-latex.def
\pgfutil@abb=\box56
) (d:/Texlive/texlive/2023/texmf-dist/tex/generic/pgf/utilities/pgfrcs.code.tex (d:/Texlive/texlive/2023/texmf-dist/tex/generic/pgf/pgf.revision.tex)
Package: pgfrcs 2023-01-15 v3.1.10 (3.1.10)
))
Package: pgf 2023-01-15 v3.1.10 (3.1.10)
 (d:/Texlive/texlive/2023/texmf-dist/tex/latex/pgf/basiclayer/pgfcore.sty (d:/Texlive/texlive/2023/texmf-dist/tex/latex/pgf/systemlayer/pgfsys.sty (d:/Texlive/texlive/2023/texmf-dist/tex/generic/pgf/systemlayer/pgfsys.code.tex
Package: pgfsys 2023-01-15 v3.1.10 (3.1.10)
 (d:/Texlive/texlive/2023/texmf-dist/tex/generic/pgf/utilities/pgfkeys.code.tex
\pgfkeys@pathtoks=\toks27
\pgfkeys@temptoks=\toks28
 (d:/Texlive/texlive/2023/texmf-dist/tex/generic/pgf/utilities/pgfkeyslibraryfiltered.code.tex
\pgfkeys@tmptoks=\toks29
))
\pgf@x=\dimen165
\pgf@y=\dimen166
\pgf@xa=\dimen167
\pgf@ya=\dimen168
\pgf@xb=\dimen169
\pgf@yb=\dimen170
\pgf@xc=\dimen171
\pgf@yc=\dimen172
\pgf@xd=\dimen173
\pgf@yd=\dimen174
\w@pgf@writea=\write3
\r@pgf@reada=\read2
\c@pgf@counta=\count288
\c@pgf@countb=\count289
\c@pgf@countc=\count290
\c@pgf@countd=\count291
\t@pgf@toka=\toks30
\t@pgf@tokb=\toks31
\t@pgf@tokc=\toks32
\pgf@sys@id@count=\count292
 (d:/Texlive/texlive/2023/texmf-dist/tex/generic/pgf/systemlayer/pgf.cfg
File: pgf.cfg 2023-01-15 v3.1.10 (3.1.10)
)
Driver file for pgf: pgfsys-pdftex.def
 (d:/Texlive/texlive/2023/texmf-dist/tex/generic/pgf/systemlayer/pgfsys-pdftex.def
File: pgfsys-pdftex.def 2023-01-15 v3.1.10 (3.1.10)
 (d:/Texlive/texlive/2023/texmf-dist/tex/generic/pgf/systemlayer/pgfsys-common-pdf.def
File: pgfsys-common-pdf.def 2023-01-15 v3.1.10 (3.1.10)
))) (d:/Texlive/texlive/2023/texmf-dist/tex/generic/pgf/systemlayer/pgfsyssoftpath.code.tex
File: pgfsyssoftpath.code.tex 2023-01-15 v3.1.10 (3.1.10)
\pgfsyssoftpath@smallbuffer@items=\count293
\pgfsyssoftpath@bigbuffer@items=\count294
) (d:/Texlive/texlive/2023/texmf-dist/tex/generic/pgf/systemlayer/pgfsysprotocol.code.tex
File: pgfsysprotocol.code.tex 2023-01-15 v3.1.10 (3.1.10)
)) (d:/Texlive/texlive/2023/texmf-dist/tex/latex/xcolor/xcolor.sty
Package: xcolor 2023/11/15 v3.01 LaTeX color extensions (UK)
 (d:/Texlive/texlive/2023/texmf-dist/tex/latex/graphics-cfg/color.cfg
File: color.cfg 2016/01/02 v1.6 sample color configuration
)
Package xcolor Info: Driver file: pdftex.def on input line 274.
 (d:/Texlive/texlive/2023/texmf-dist/tex/latex/graphics/mathcolor.ltx)
Package xcolor Info: Model `cmy' substituted by `cmy0' on input line 1350.
Package xcolor Info: Model `hsb' substituted by `rgb' on input line 1354.
Package xcolor Info: Model `RGB' extended on input line 1366.
Package xcolor Info: Model `HTML' substituted by `rgb' on input line 1368.
Package xcolor Info: Model `Hsb' substituted by `hsb' on input line 1369.
Package xcolor Info: Model `tHsb' substituted by `hsb' on input line 1370.
Package xcolor Info: Model `HSB' substituted by `hsb' on input line 1371.
Package xcolor Info: Model `Gray' substituted by `gray' on input line 1372.
Package xcolor Info: Model `wave' substituted by `hsb' on input line 1373.
) (d:/Texlive/texlive/2023/texmf-dist/tex/generic/pgf/basiclayer/pgfcore.code.tex
Package: pgfcore 2023-01-15 v3.1.10 (3.1.10)
 (d:/Texlive/texlive/2023/texmf-dist/tex/generic/pgf/math/pgfmath.code.tex (d:/Texlive/texlive/2023/texmf-dist/tex/generic/pgf/math/pgfmathutil.code.tex) (d:/Texlive/texlive/2023/texmf-dist/tex/generic/pgf/math/pgfmathparser.code.tex
\pgfmath@dimen=\dimen175
\pgfmath@count=\count295
\pgfmath@box=\box57
\pgfmath@toks=\toks33
\pgfmath@stack@operand=\toks34
\pgfmath@stack@operation=\toks35
) (d:/Texlive/texlive/2023/texmf-dist/tex/generic/pgf/math/pgfmathfunctions.code.tex) (d:/Texlive/texlive/2023/texmf-dist/tex/generic/pgf/math/pgfmathfunctions.basic.code.tex) (d:/Texlive/texlive/2023/texmf-dist/tex/generic/pgf/math/pgfmathfunctions.trigonometric.code.tex) (d:/Texlive/texlive/2023/texmf-dist/tex/generic/pgf/math/pgfmathfunctions.random.code.tex) (d:/Texlive/texlive/2023/texmf-dist/tex/generic/pgf/math/pgfmathfunctions.comparison.code.tex) (d:/Texlive/texlive/2023/texmf-dist/tex/generic/pgf/math/pgfmathfunctions.base.code.tex) (d:/Texlive/texlive/2023/texmf-dist/tex/generic/pgf/math/pgfmathfunctions.round.code.tex) (d:/Texlive/texlive/2023/texmf-dist/tex/generic/pgf/math/pgfmathfunctions.misc.code.tex) (d:/Texlive/texlive/2023/texmf-dist/tex/generic/pgf/math/pgfmathfunctions.integerarithmetics.code.tex) (d:/Texlive/texlive/2023/texmf-dist/tex/generic/pgf/math/pgfmathcalc.code.tex) (d:/Texlive/texlive/2023/texmf-dist/tex/generic/pgf/math/pgfmathfloat.code.tex
\c@pgfmathroundto@lastzeros=\count296
)) (d:/Texlive/texlive/2023/texmf-dist/tex/generic/pgf/math/pgfint.code.tex) (d:/Texlive/texlive/2023/texmf-dist/tex/generic/pgf/basiclayer/pgfcorepoints.code.tex
File: pgfcorepoints.code.tex 2023-01-15 v3.1.10 (3.1.10)
\pgf@picminx=\dimen176
\pgf@picmaxx=\dimen177
\pgf@picminy=\dimen178
\pgf@picmaxy=\dimen179
\pgf@pathminx=\dimen180
\pgf@pathmaxx=\dimen181
\pgf@pathminy=\dimen182
\pgf@pathmaxy=\dimen183
\pgf@xx=\dimen184
\pgf@xy=\dimen185
\pgf@yx=\dimen186
\pgf@yy=\dimen187
\pgf@zx=\dimen188
\pgf@zy=\dimen189
) (d:/Texlive/texlive/2023/texmf-dist/tex/generic/pgf/basiclayer/pgfcorepathconstruct.code.tex
File: pgfcorepathconstruct.code.tex 2023-01-15 v3.1.10 (3.1.10)
\pgf@path@lastx=\dimen190
\pgf@path@lasty=\dimen191
) (d:/Texlive/texlive/2023/texmf-dist/tex/generic/pgf/basiclayer/pgfcorepathusage.code.tex
File: pgfcorepathusage.code.tex 2023-01-15 v3.1.10 (3.1.10)
\pgf@shorten@end@additional=\dimen192
\pgf@shorten@start@additional=\dimen193
) (d:/Texlive/texlive/2023/texmf-dist/tex/generic/pgf/basiclayer/pgfcorescopes.code.tex
File: pgfcorescopes.code.tex 2023-01-15 v3.1.10 (3.1.10)
\pgfpic=\box58
\pgf@hbox=\box59
\pgf@layerbox@main=\box60
\pgf@picture@serial@count=\count297
) (d:/Texlive/texlive/2023/texmf-dist/tex/generic/pgf/basiclayer/pgfcoregraphicstate.code.tex
File: pgfcoregraphicstate.code.tex 2023-01-15 v3.1.10 (3.1.10)
\pgflinewidth=\dimen194
) (d:/Texlive/texlive/2023/texmf-dist/tex/generic/pgf/basiclayer/pgfcoretransformations.code.tex
File: pgfcoretransformations.code.tex 2023-01-15 v3.1.10 (3.1.10)
\pgf@pt@x=\dimen195
\pgf@pt@y=\dimen196
\pgf@pt@temp=\dimen197
) (d:/Texlive/texlive/2023/texmf-dist/tex/generic/pgf/basiclayer/pgfcorequick.code.tex
File: pgfcorequick.code.tex 2023-01-15 v3.1.10 (3.1.10)
) (d:/Texlive/texlive/2023/texmf-dist/tex/generic/pgf/basiclayer/pgfcoreobjects.code.tex
File: pgfcoreobjects.code.tex 2023-01-15 v3.1.10 (3.1.10)
) (d:/Texlive/texlive/2023/texmf-dist/tex/generic/pgf/basiclayer/pgfcorepathprocessing.code.tex
File: pgfcorepathprocessing.code.tex 2023-01-15 v3.1.10 (3.1.10)
) (d:/Texlive/texlive/2023/texmf-dist/tex/generic/pgf/basiclayer/pgfcorearrows.code.tex
File: pgfcorearrows.code.tex 2023-01-15 v3.1.10 (3.1.10)
\pgfarrowsep=\dimen198
) (d:/Texlive/texlive/2023/texmf-dist/tex/generic/pgf/basiclayer/pgfcoreshade.code.tex
File: pgfcoreshade.code.tex 2023-01-15 v3.1.10 (3.1.10)
\pgf@max=\dimen199
\pgf@sys@shading@range@num=\count298
\pgf@shadingcount=\count299
) (d:/Texlive/texlive/2023/texmf-dist/tex/generic/pgf/basiclayer/pgfcoreimage.code.tex
File: pgfcoreimage.code.tex 2023-01-15 v3.1.10 (3.1.10)
) (d:/Texlive/texlive/2023/texmf-dist/tex/generic/pgf/basiclayer/pgfcoreexternal.code.tex
File: pgfcoreexternal.code.tex 2023-01-15 v3.1.10 (3.1.10)
\pgfexternal@startupbox=\box61
) (d:/Texlive/texlive/2023/texmf-dist/tex/generic/pgf/basiclayer/pgfcorelayers.code.tex
File: pgfcorelayers.code.tex 2023-01-15 v3.1.10 (3.1.10)
) (d:/Texlive/texlive/2023/texmf-dist/tex/generic/pgf/basiclayer/pgfcoretransparency.code.tex
File: pgfcoretransparency.code.tex 2023-01-15 v3.1.10 (3.1.10)
) (d:/Texlive/texlive/2023/texmf-dist/tex/generic/pgf/basiclayer/pgfcorepatterns.code.tex
File: pgfcorepatterns.code.tex 2023-01-15 v3.1.10 (3.1.10)
) (d:/Texlive/texlive/2023/texmf-dist/tex/generic/pgf/basiclayer/pgfcorerdf.code.tex
File: pgfcorerdf.code.tex 2023-01-15 v3.1.10 (3.1.10)
))) (d:/Texlive/texlive/2023/texmf-dist/tex/generic/pgf/modules/pgfmoduleshapes.code.tex
File: pgfmoduleshapes.code.tex 2023-01-15 v3.1.10 (3.1.10)
\pgfnodeparttextbox=\box62
) (d:/Texlive/texlive/2023/texmf-dist/tex/generic/pgf/modules/pgfmoduleplot.code.tex
File: pgfmoduleplot.code.tex 2023-01-15 v3.1.10 (3.1.10)
) (d:/Texlive/texlive/2023/texmf-dist/tex/latex/pgf/compatibility/pgfcomp-version-0-65.sty
Package: pgfcomp-version-0-65 2023-01-15 v3.1.10 (3.1.10)
\pgf@nodesepstart=\dimen256
\pgf@nodesepend=\dimen257
) (d:/Texlive/texlive/2023/texmf-dist/tex/latex/pgf/compatibility/pgfcomp-version-1-18.sty
Package: pgfcomp-version-1-18 2023-01-15 v3.1.10 (3.1.10)
)) (d:/Texlive/texlive/2023/texmf-dist/tex/latex/pgf/utilities/pgffor.sty (d:/Texlive/texlive/2023/texmf-dist/tex/latex/pgf/utilities/pgfkeys.sty (d:/Texlive/texlive/2023/texmf-dist/tex/generic/pgf/utilities/pgfkeys.code.tex)) (d:/Texlive/texlive/2023/texmf-dist/tex/latex/pgf/math/pgfmath.sty (d:/Texlive/texlive/2023/texmf-dist/tex/generic/pgf/math/pgfmath.code.tex)) (d:/Texlive/texlive/2023/texmf-dist/tex/generic/pgf/utilities/pgffor.code.tex
Package: pgffor 2023-01-15 v3.1.10 (3.1.10)
\pgffor@iter=\dimen258
\pgffor@skip=\dimen259
\pgffor@stack=\toks36
\pgffor@toks=\toks37
)) (d:/Texlive/texlive/2023/texmf-dist/tex/generic/pgf/frontendlayer/tikz/tikz.code.tex
Package: tikz 2023-01-15 v3.1.10 (3.1.10)
 (d:/Texlive/texlive/2023/texmf-dist/tex/generic/pgf/libraries/pgflibraryplothandlers.code.tex
File: pgflibraryplothandlers.code.tex 2023-01-15 v3.1.10 (3.1.10)
\pgf@plot@mark@count=\count300
\pgfplotmarksize=\dimen260
)
\tikz@lastx=\dimen261
\tikz@lasty=\dimen262
\tikz@lastxsaved=\dimen263
\tikz@lastysaved=\dimen264
\tikz@lastmovetox=\dimen265
\tikz@lastmovetoy=\dimen266
\tikzleveldistance=\dimen267
\tikzsiblingdistance=\dimen268
\tikz@figbox=\box63
\tikz@figbox@bg=\box64
\tikz@tempbox=\box65
\tikz@tempbox@bg=\box66
\tikztreelevel=\count301
\tikznumberofchildren=\count302
\tikznumberofcurrentchild=\count303
\tikz@fig@count=\count304
 (d:/Texlive/texlive/2023/texmf-dist/tex/generic/pgf/modules/pgfmodulematrix.code.tex
File: pgfmodulematrix.code.tex 2023-01-15 v3.1.10 (3.1.10)
\pgfmatrixcurrentrow=\count305
\pgfmatrixcurrentcolumn=\count306
\pgf@matrix@numberofcolumns=\count307
)
\tikz@expandcount=\count308
 (d:/Texlive/texlive/2023/texmf-dist/tex/generic/pgf/frontendlayer/tikz/libraries/tikzlibrarytopaths.code.tex
File: tikzlibrarytopaths.code.tex 2023-01-15 v3.1.10 (3.1.10)
))) (d:/Texlive/texlive/2023/texmf-dist/tex/generic/pgf/frontendlayer/tikz/libraries/tikzlibraryarrows.code.tex
File: tikzlibraryarrows.code.tex 2023-01-15 v3.1.10 (3.1.10)
 (d:/Texlive/texlive/2023/texmf-dist/tex/generic/pgf/libraries/pgflibraryarrows.code.tex
File: pgflibraryarrows.code.tex 2023-01-15 v3.1.10 (3.1.10)
\arrowsize=\dimen269
)) (d:/Texlive/texlive/2023/texmf-dist/tex/generic/pgf/frontendlayer/tikz/libraries/tikzlibrarybackgrounds.code.tex
File: tikzlibrarybackgrounds.code.tex 2023-01-15 v3.1.10 (3.1.10)
\pgf@layerbox@background=\box67
\pgf@layerboxsaved@background=\box68
) (d:/Texlive/texlive/2023/texmf-dist/tex/generic/pgf/frontendlayer/tikz/libraries/tikzlibrarycalc.code.tex
File: tikzlibrarycalc.code.tex 2023-01-15 v3.1.10 (3.1.10)
) (d:/Texlive/texlive/2023/texmf-dist/tex/generic/pgf/frontendlayer/tikz/libraries/tikzlibrarypatterns.code.tex
File: tikzlibrarypatterns.code.tex 2023-01-15 v3.1.10 (3.1.10)
 (d:/Texlive/texlive/2023/texmf-dist/tex/generic/pgf/libraries/pgflibrarypatterns.code.tex
File: pgflibrarypatterns.code.tex 2023-01-15 v3.1.10 (3.1.10)
)) (d:/Texlive/texlive/2023/texmf-dist/tex/generic/pgf/frontendlayer/tikz/libraries/tikzlibrarypositioning.code.tex
File: tikzlibrarypositioning.code.tex 2023-01-15 v3.1.10 (3.1.10)
) (d:/Texlive/texlive/2023/texmf-dist/tex/generic/pgf/frontendlayer/tikz/libraries/tikzlibraryshapes.geometric.code.tex
File: tikzlibraryshapes.geometric.code.tex 2023-01-15 v3.1.10 (3.1.10)
 (d:/Texlive/texlive/2023/texmf-dist/tex/generic/pgf/libraries/shapes/pgflibraryshapes.geometric.code.tex
File: pgflibraryshapes.geometric.code.tex 2023-01-15 v3.1.10 (3.1.10)
)) (d:/Texlive/texlive/2023/texmf-dist/tex/latex/pgf/utilities/pgfcalendar.sty (d:/Texlive/texlive/2023/texmf-dist/tex/generic/pgf/utilities/pgfcalendar.code.tex
File: pgfcalendar.code.tex 2023-01-15 v3.1.10 (3.1.10)
\pgfcalendarcurrentjulian=\count309
\pgf@cal@easter@Y=\count310
\pgf@cal@easter@G=\count311
\pgf@cal@easter@C=\count312
\pgf@cal@easter@X=\count313
\pgf@cal@easter@Z=\count314
\pgf@cal@easter@D=\count315
\pgf@cal@easter@E=\count316
\pgf@cal@easter@N=\count317
\pgf@cal@easter@M=\count318
\pgf@cal@easter@julianday=\count319
))
\gtt@currentline=\count320
\gtt@lasttitleline=\count321
\gtt@currgrid=\count322
\gtt@chartwidth=\count323
\gtt@lasttitleslot=\count324
\gtt@elementid=\count325
\gtt@today@slot=\count326
\gtt@startjulian=\count327
\gtt@endjulian=\count328
\gtt@chartid=\count329
\gtt@vrule@slot=\count330
\gtt@calendar@slots=\count331
\gtt@calendar@weeknumber=\count332
\gtt@calendar@startofweek=\count333
\gtt@left@slot=\count334
\gtt@right@slot=\count335
) (d:/Texlive/texlive/2023/texmf-dist/tex/latex/hyperref/hyperref.sty
Package: hyperref 2024-01-20 v7.01h Hypertext links for LaTeX
 (d:/Texlive/texlive/2023/texmf-dist/tex/latex/kvsetkeys/kvsetkeys.sty
Package: kvsetkeys 2022-10-05 v1.19 Key value parser (HO)
) (d:/Texlive/texlive/2023/texmf-dist/tex/generic/kvdefinekeys/kvdefinekeys.sty
Package: kvdefinekeys 2019-12-19 v1.6 Define keys (HO)
) (d:/Texlive/texlive/2023/texmf-dist/tex/generic/pdfescape/pdfescape.sty
Package: pdfescape 2019/12/09 v1.15 Implements pdfTeX's escape features (HO)
 (d:/Texlive/texlive/2023/texmf-dist/tex/generic/ltxcmds/ltxcmds.sty
Package: ltxcmds 2023-12-04 v1.26 LaTeX kernel commands for general use (HO)
) (d:/Texlive/texlive/2023/texmf-dist/tex/generic/pdftexcmds/pdftexcmds.sty
Package: pdftexcmds 2020-06-27 v0.33 Utility functions of pdfTeX for LuaTeX (HO)
 (d:/Texlive/texlive/2023/texmf-dist/tex/generic/infwarerr/infwarerr.sty
Package: infwarerr 2019/12/03 v1.5 Providing info/warning/error messages (HO)
)
Package pdftexcmds Info: \pdf@primitive is available.
Package pdftexcmds Info: \pdf@ifprimitive is available.
Package pdftexcmds Info: \pdfdraftmode found.
)) (d:/Texlive/texlive/2023/texmf-dist/tex/latex/hycolor/hycolor.sty
Package: hycolor 2020-01-27 v1.10 Color options for hyperref/bookmark (HO)
) (d:/Texlive/texlive/2023/texmf-dist/tex/latex/auxhook/auxhook.sty
Package: auxhook 2019-12-17 v1.6 Hooks for auxiliary files (HO)
) (d:/Texlive/texlive/2023/texmf-dist/tex/latex/hyperref/nameref.sty
Package: nameref 2023-11-26 v2.56 Cross-referencing by name of section
 (d:/Texlive/texlive/2023/texmf-dist/tex/latex/refcount/refcount.sty
Package: refcount 2019/12/15 v3.6 Data extraction from label references (HO)
) (d:/Texlive/texlive/2023/texmf-dist/tex/generic/gettitlestring/gettitlestring.sty
Package: gettitlestring 2019/12/15 v1.6 Cleanup title references (HO)
 (d:/Texlive/texlive/2023/texmf-dist/tex/latex/kvoptions/kvoptions.sty
Package: kvoptions 2022-06-15 v3.15 Key value format for package options (HO)
))
\c@section@level=\count336
) (d:/Texlive/texlive/2023/texmf-dist/tex/latex/etoolbox/etoolbox.sty
Package: etoolbox 2020/10/05 v2.5k e-TeX tools for LaTeX (JAW)
\etb@tempcnta=\count337
)
\@linkdim=\dimen270
\Hy@linkcounter=\count338
\Hy@pagecounter=\count339
 (d:/Texlive/texlive/2023/texmf-dist/tex/latex/hyperref/pd1enc.def
File: pd1enc.def 2024-01-20 v7.01h Hyperref: PDFDocEncoding definition (HO)
Now handling font encoding PD1 ...
... no UTF-8 mapping file for font encoding PD1
) (d:/Texlive/texlive/2023/texmf-dist/tex/generic/intcalc/intcalc.sty
Package: intcalc 2019/12/15 v1.3 Expandable calculations with integers (HO)
)
\Hy@SavedSpaceFactor=\count340
 (d:/Texlive/texlive/2023/texmf-dist/tex/latex/hyperref/puenc.def
File: puenc.def 2024-01-20 v7.01h Hyperref: PDF Unicode definition (HO)
Now handling font encoding PU ...
... no UTF-8 mapping file for font encoding PU
)
Package hyperref Info: Option `unicode' set `true' on input line 4062.
Package hyperref Info: Hyper figures OFF on input line 4179.
Package hyperref Info: Link nesting OFF on input line 4184.
Package hyperref Info: Hyper index ON on input line 4187.
Package hyperref Info: Plain pages OFF on input line 4194.
Package hyperref Info: Backreferencing OFF on input line 4199.
Package hyperref Info: Implicit mode ON; LaTeX internals redefined.
Package hyperref Info: Bookmarks ON on input line 4446.
\c@Hy@tempcnt=\count341
 (d:/Texlive/texlive/2023/texmf-dist/tex/latex/url/url.sty
\Urlmuskip=\muskip17
Package: url 2013/09/16  ver 3.4  Verb mode for urls, etc.
)
LaTeX Info: Redefining \url on input line 4784.
\XeTeXLinkMargin=\dimen271
 (d:/Texlive/texlive/2023/texmf-dist/tex/generic/bitset/bitset.sty
Package: bitset 2019/12/09 v1.3 Handle bit-vector datatype (HO)
 (d:/Texlive/texlive/2023/texmf-dist/tex/generic/bigintcalc/bigintcalc.sty
Package: bigintcalc 2019/12/15 v1.5 Expandable calculations on big integers (HO)
))
\Fld@menulength=\count342
\Field@Width=\dimen272
\Fld@charsize=\dimen273
Package hyperref Info: Hyper figures OFF on input line 6063.
Package hyperref Info: Link nesting OFF on input line 6068.
Package hyperref Info: Hyper index ON on input line 6071.
Package hyperref Info: backreferencing OFF on input line 6078.
Package hyperref Info: Link coloring OFF on input line 6083.
Package hyperref Info: Link coloring with OCG OFF on input line 6088.
Package hyperref Info: PDF/A mode OFF on input line 6093.
 (d:/Texlive/texlive/2023/texmf-dist/tex/latex/base/atbegshi-ltx.sty
Package: atbegshi-ltx 2021/01/10 v1.0c Emulation of the original atbegshi
package with kernel methods
)
\Hy@abspage=\count343
\c@Item=\count344
\c@Hfootnote=\count345
)
Package hyperref Info: Driver (autodetected): hpdftex.
 (d:/Texlive/texlive/2023/texmf-dist/tex/latex/hyperref/hpdftex.def
File: hpdftex.def 2024-01-20 v7.01h Hyperref driver for pdfTeX
 (d:/Texlive/texlive/2023/texmf-dist/tex/latex/base/atveryend-ltx.sty
Package: atveryend-ltx 2020/08/19 v1.0a Emulation of the original atveryend package
with kernel methods
)
\Fld@listcount=\count346
\c@bookmark@seq@number=\count347
 (d:/Texlive/texlive/2023/texmf-dist/tex/latex/rerunfilecheck/rerunfilecheck.sty
Package: rerunfilecheck 2022-07-10 v1.10 Rerun checks for auxiliary files (HO)
 (d:/Texlive/texlive/2023/texmf-dist/tex/generic/uniquecounter/uniquecounter.sty
Package: uniquecounter 2019/12/15 v1.4 Provide unlimited unique counter (HO)
)
Package uniquecounter Info: New unique counter `rerunfilecheck' on input line 285.
)
\Hy@SectionHShift=\skip54
) (d:/Texlive/texlive/2023/texmf-dist/tex/latex/enumitem/enumitem.sty
Package: enumitem 2019/06/20 v3.9 Customized lists
\labelindent=\skip55
\enit@outerparindent=\dimen274
\enit@toks=\toks38
\enit@inbox=\box69
\enit@count@id=\count348
\enitdp@description=\count349
) (d:/Texlive/texlive/2023/texmf-dist/tex/latex/listings/listings.sty
\lst@mode=\count350
\lst@gtempboxa=\box70
\lst@token=\toks39
\lst@length=\count351
\lst@currlwidth=\dimen275
\lst@column=\count352
\lst@pos=\count353
\lst@lostspace=\dimen276
\lst@width=\dimen277
\lst@newlines=\count354
\lst@lineno=\count355
\lst@maxwidth=\dimen278
 (d:/Texlive/texlive/2023/texmf-dist/tex/latex/listings/lstpatch.sty
File: lstpatch.sty 2024/02/21 1.10 (Carsten Heinz)
) (d:/Texlive/texlive/2023/texmf-dist/tex/latex/listings/lstmisc.sty
File: lstmisc.sty 2024/02/21 1.10 (Carsten Heinz)
\c@lstnumber=\count356
\lst@skipnumbers=\count357
\lst@framebox=\box71
) (d:/Texlive/texlive/2023/texmf-dist/tex/latex/listings/listings.cfg
File: listings.cfg 2024/02/21 1.10 listings configuration
))
Package: listings 2024/02/21 1.10 (Carsten Heinz)
 (d:/Texlive/texlive/2023/texmf-dist/tex/latex/tocloft/tocloft.sty
Package: tocloft 2017/08/31 v2.3i parameterised ToC, etc., typesetting
Package tocloft Info: The document has section divisions on input line 51.
\cftparskip=\skip56
\cftbeforetoctitleskip=\skip57
\cftaftertoctitleskip=\skip58
\cftbeforepartskip=\skip59
\cftpartnumwidth=\skip60
\cftpartindent=\skip61
\cftbeforesecskip=\skip62
\cftsecindent=\skip63
\cftsecnumwidth=\skip64
\cftbeforesubsecskip=\skip65
\cftsubsecindent=\skip66
\cftsubsecnumwidth=\skip67
\cftbeforesubsubsecskip=\skip68
\cftsubsubsecindent=\skip69
\cftsubsubsecnumwidth=\skip70
\cftbeforeparaskip=\skip71
\cftparaindent=\skip72
\cftparanumwidth=\skip73
\cftbeforesubparaskip=\skip74
\cftsubparaindent=\skip75
\cftsubparanumwidth=\skip76
\cftbeforeloftitleskip=\skip77
\cftafterloftitleskip=\skip78
\cftbeforefigskip=\skip79
\cftfigindent=\skip80
\cftfignumwidth=\skip81
\c@lofdepth=\count358
\c@lotdepth=\count359
\cftbeforelottitleskip=\skip82
\cftafterlottitleskip=\skip83
\cftbeforetabskip=\skip84
\cfttabindent=\skip85
\cfttabnumwidth=\skip86
) (d:/Texlive/texlive/2023/texmf-dist/tex/latex/inconsolata/zi4.sty
Package: zi4 2019/05/17 v1.12
 `inconsolata-zi4' v1.12, 2019/05/17 Text macros for Inconsolata (msharpe) (d:/Texlive/texlive/2023/texmf-dist/tex/latex/base/textcomp.sty
Package: textcomp 2020/02/02 v2.0n Standard LaTeX package
) (d:/Texlive/texlive/2023/texmf-dist/tex/latex/xkeyval/xkeyval.sty
Package: xkeyval 2022/06/16 v2.9 package option processing (HA)
 (d:/Texlive/texlive/2023/texmf-dist/tex/generic/xkeyval/xkeyval.tex (d:/Texlive/texlive/2023/texmf-dist/tex/generic/xkeyval/xkvutils.tex
\XKV@toks=\toks40
\XKV@tempa@toks=\toks41
)
\XKV@depth=\count360
File: xkeyval.tex 2014/12/03 v2.7a key=value parser (HA)
))
\zifour@ocount=\count361
)

d:/Ê°åÈù¢/Êú∫Âô®Â≠¶‰π†/MLÂÆûÈ™å/MLÂÆûÈ™å‰∫å/ÂÆûÈ™åÊä•Âëä/ML2.tex:53: Package xkeyval Error: `operatorstyle' undefined in families `lst'.

See the xkeyval package documentation for explanation.
Type  H <return>  for immediate help.
 ...                                              
                                                  
l.53 \lstset{style=codestyle}
                             
Try typing  <return>  to proceed.
If that doesn't work, type  X <return>  to quit.

(d:/Texlive/texlive/2023/texmf-dist/tex/latex/cjk/texinput/UTF8/UTF8.enc
File: UTF8.enc 2021/10/16 4.8.5
) (d:/Texlive/texlive/2023/texmf-dist/tex/latex/cjk/texinput/UTF8/UTF8.chr
File: UTF8.chr 2021/10/16 4.8.5
) (./ML2.aux)
\openout1 = `ML2.aux'.

LaTeX Font Info:    Checking defaults for OML/cmm/m/it on input line 62.
LaTeX Font Info:    ... okay on input line 62.
LaTeX Font Info:    Checking defaults for OMS/cmsy/m/n on input line 62.
LaTeX Font Info:    ... okay on input line 62.
LaTeX Font Info:    Checking defaults for OT1/cmr/m/n on input line 62.
LaTeX Font Info:    ... okay on input line 62.
LaTeX Font Info:    Checking defaults for T1/cmr/m/n on input line 62.
LaTeX Font Info:    ... okay on input line 62.
LaTeX Font Info:    Checking defaults for TS1/cmr/m/n on input line 62.
LaTeX Font Info:    ... okay on input line 62.
LaTeX Font Info:    Checking defaults for OMX/cmex/m/n on input line 62.
LaTeX Font Info:    ... okay on input line 62.
LaTeX Font Info:    Checking defaults for U/cmr/m/n on input line 62.
LaTeX Font Info:    ... okay on input line 62.
LaTeX Font Info:    Checking defaults for C00/song/m/n on input line 62.
LaTeX Font Info:    ... okay on input line 62.
LaTeX Font Info:    Checking defaults for C05/song/m/n on input line 62.
LaTeX Font Info:    ... okay on input line 62.
LaTeX Font Info:    Checking defaults for C09/song/m/n on input line 62.
LaTeX Font Info:    ... okay on input line 62.
LaTeX Font Info:    Checking defaults for C10/song/m/n on input line 62.
LaTeX Font Info:    ... okay on input line 62.
LaTeX Font Info:    Checking defaults for C20/song/m/n on input line 62.
LaTeX Font Info:    ... okay on input line 62.
LaTeX Font Info:    Checking defaults for C19/song/m/n on input line 62.
LaTeX Font Info:    ... okay on input line 62.
LaTeX Font Info:    Checking defaults for C40/song/m/n on input line 62.
LaTeX Font Info:    ... okay on input line 62.
LaTeX Font Info:    Checking defaults for C42/song/m/n on input line 62.
LaTeX Font Info:    ... okay on input line 62.
LaTeX Font Info:    Checking defaults for C43/song/m/n on input line 62.
LaTeX Font Info:    ... okay on input line 62.
LaTeX Font Info:    Checking defaults for C50/song/m/n on input line 62.
LaTeX Font Info:    ... okay on input line 62.
LaTeX Font Info:    Checking defaults for C52/song/m/n on input line 62.
LaTeX Font Info:    ... okay on input line 62.
LaTeX Font Info:    Checking defaults for C49/song/m/n on input line 62.
LaTeX Font Info:    ... okay on input line 62.
LaTeX Font Info:    Checking defaults for C60/mj/m/n on input line 62.
LaTeX Font Info:    ... okay on input line 62.
LaTeX Font Info:    Checking defaults for C61/mj/m/n on input line 62.
LaTeX Font Info:    ... okay on input line 62.
LaTeX Font Info:    Checking defaults for C63/mj/m/n on input line 62.
LaTeX Font Info:    ... okay on input line 62.
LaTeX Font Info:    Checking defaults for C64/mj/m/n on input line 62.
LaTeX Font Info:    ... okay on input line 62.
LaTeX Font Info:    Checking defaults for C65/mj/m/n on input line 62.
LaTeX Font Info:    ... okay on input line 62.
LaTeX Font Info:    Checking defaults for C70/song/m/n on input line 62.
LaTeX Font Info:    ... okay on input line 62.
LaTeX Font Info:    Checking defaults for C31/song/m/n on input line 62.
LaTeX Font Info:    ... okay on input line 62.
LaTeX Font Info:    Checking defaults for C32/song/m/n on input line 62.
LaTeX Font Info:    ... okay on input line 62.
LaTeX Font Info:    Checking defaults for C33/song/m/n on input line 62.
LaTeX Font Info:    ... okay on input line 62.
LaTeX Font Info:    Checking defaults for C34/song/m/n on input line 62.
LaTeX Font Info:    ... okay on input line 62.
LaTeX Font Info:    Checking defaults for C35/song/m/n on input line 62.
LaTeX Font Info:    ... okay on input line 62.
LaTeX Font Info:    Checking defaults for C36/song/m/n on input line 62.
LaTeX Font Info:    ... okay on input line 62.
LaTeX Font Info:    Checking defaults for C37/song/m/n on input line 62.
LaTeX Font Info:    ... okay on input line 62.
LaTeX Font Info:    Checking defaults for C80/song/m/n on input line 62.
LaTeX Font Info:    ... okay on input line 62.
LaTeX Font Info:    Checking defaults for C81/song/m/n on input line 62.
LaTeX Font Info:    ... okay on input line 62.
LaTeX Font Info:    Checking defaults for C01/song/m/n on input line 62.
LaTeX Font Info:    ... okay on input line 62.
LaTeX Font Info:    Checking defaults for C11/song/m/n on input line 62.
LaTeX Font Info:    ... okay on input line 62.
LaTeX Font Info:    Checking defaults for C21/song/m/n on input line 62.
LaTeX Font Info:    ... okay on input line 62.
LaTeX Font Info:    Checking defaults for C41/song/m/n on input line 62.
LaTeX Font Info:    ... okay on input line 62.
LaTeX Font Info:    Checking defaults for C62/song/m/n on input line 62.
LaTeX Font Info:    ... okay on input line 62.
LaTeX Font Info:    Checking defaults for PD1/pdf/m/n on input line 62.
LaTeX Font Info:    ... okay on input line 62.
LaTeX Font Info:    Checking defaults for PU/pdf/m/n on input line 62.
LaTeX Font Info:    ... okay on input line 62.

*geometry* driver: auto-detecting
*geometry* detected driver: pdftex
*geometry* verbose mode - [ preamble ] result:
* driver: pdftex
* paper: <default>
* layout: <same size as paper>
* layoutoffset:(h,v)=(0.0pt,0.0pt)
* modes: 
* h-part:(L,W,R)=(72.26999pt, 469.75502pt, 72.26999pt)
* v-part:(T,H,B)=(72.26999pt, 650.43001pt, 72.26999pt)
* \paperwidth=614.295pt
* \paperheight=794.96999pt
* \textwidth=469.75502pt
* \textheight=650.43001pt
* \oddsidemargin=0.0pt
* \evensidemargin=0.0pt
* \topmargin=-37.0pt
* \headheight=12.0pt
* \headsep=25.0pt
* \topskip=12.0pt
* \footskip=30.0pt
* \marginparwidth=44.0pt
* \marginparsep=10.0pt
* \columnsep=10.0pt
* \skip\footins=10.8pt plus 4.0pt minus 2.0pt
* \hoffset=0.0pt
* \voffset=0.0pt
* \mag=1000
* \@twocolumnfalse
* \@twosidefalse
* \@mparswitchfalse
* \@reversemarginfalse
* (1in=72.27pt=25.4mm, 1cm=28.453pt)

(d:/Texlive/texlive/2023/texmf-dist/tex/context/base/mkii/supp-pdf.mkii
[Loading MPS to PDF converter (version 2006.09.02).]
\scratchcounter=\count362
\scratchdimen=\dimen279
\scratchbox=\box72
\nofMPsegments=\count363
\nofMParguments=\count364
\everyMPshowfont=\toks42
\MPscratchCnt=\count365
\MPscratchDim=\dimen280
\MPnumerator=\count366
\makeMPintoPDFobject=\count367
\everyMPtoPDFconversion=\toks43
) (d:/Texlive/texlive/2023/texmf-dist/tex/latex/epstopdf-pkg/epstopdf-base.sty
Package: epstopdf-base 2020-01-24 v2.11 Base part for package epstopdf
Package epstopdf-base Info: Redefining graphics rule for `.eps' on input line 485.
 (d:/Texlive/texlive/2023/texmf-dist/tex/latex/latexconfig/epstopdf-sys.cfg
File: epstopdf-sys.cfg 2010/07/13 v1.3 Configuration of (r)epstopdf for TeX Live
))
Package hyperref Info: Link coloring OFF on input line 62.
\@outlinefile=\write4
\openout4 = `ML2.out'.

\c@lstlisting=\count368
 (d:/Texlive/texlive/2023/texmf-dist/tex/latex/upquote/upquote.sty
Package: upquote 2012/04/19 v1.3 upright-quote and grave-accent glyphs in verbatim
)
LaTeX Font Info:    Trying to load font information for C70+rm on input line 68.
 (d:/Texlive/texlive/2023/texmf-dist/tex/latex/ctex/fd/c70rm.fd
File: c70rm.fd 2022/07/14 v2.5.10 Chinese font definition (CTEX)
)
Package CJKpunct Info: use punctuation spaces for family 'rm' with punctstyle (quanjiao) on input line 72.
 (d:/Texlive/texlive/2023/texmf-dist/tex/generic/ctex/zhmap/ctex-zhmap-windows.tex
File: ctex-zhmap-windows.tex 2022/07/14 v2.5.10 Windows font map loader for pdfTeX and DVIPDFMx (CTEX)
{d:/Texlive/texlive/2023/texmf-var/fonts/map/pdftex/updmap/pdftex.map}{UGBK.sfd}{Unicode.sfd}) [1

]
No file ML2.toc.
\tf@toc=\write5
\openout5 = `ML2.toc'.


Overfull \hbox (2.3699pt too wide) in paragraph at lines 105--106
[]\OT1/cmr/m/n/12 Fashion-MNIST\C70/rm/m/n/12/56 ˛ \C70/rm/m/n/12/72 G \C70/rm/m/n/12/52 ^^F \C70/rm/m/n/12/7c { \C70/rm/m/n/12/65 p \C70/rm/m/n/12/63 n \C70/rm/m/n/12/96 ∆ \C70/rm/m/n/12/53 ^^E \C70/rm/m/n/12/54 +\OT1/cmr/m/n/12 10\C70/rm/m/n/12/4e * \C70/rm/m/n/12/7c { \C70/rm/m/n/12/52 + \C70/rm/m/n/12/76 Ñ \C70/rm/m/n/12/65 ˆ \C70/rm/m/n/12/88 ≈ \C70/rm/m/n/12/56 ˛ \C70/rm/m/n/12/50 œ|\C70/rm/m/n/12/ff ^^L| \C70/rm/m/n/12/8b ≠ \C70/rm/m/n/12/7e √ \C70/rm/m/n/12/96 ∆ \C70/rm/m/n/12/67 	\OT1/cmr/m/n/12 60,000\C70/rm/m/n/12/5f   \C70/rm/m/n/12/56 ˛ \C70/rm/m/n/12/72 G|\C70/rm/m/n/12/ff ^^L| \C70/rm/m/n/12/6d K
 []


pdfTeX warning (ext4): destination with the same identifier (name{page.1}) has been already used, duplicate ignored
<to be read again> 
                   \relax 
l.127     \item Â
                 àùÂßãÂåñÊ®°ÂûãÂèÇÊï∞ÔºöÂØπ‰∫éÊØè‰∏ÄÂ±ÇÈÉΩË¶ÅËÆ∞ÂΩï‰∏Ä‰∏™ÊùÉ... [1{d:/Texlive/texlive/2023/texmf-dist/fonts/enc/dvips/cm-super/cm-super-ts1.enc}]
LaTeX Font Info:    Trying to load font information for OT1+zi4 on input line 130.
 (d:/Texlive/texlive/2023/texmf-dist/tex/latex/inconsolata/ot1zi4.fd
File: ot1zi4.fd 2018/01/14 OT1/zi4 (Inconsolata)
)
LaTeX Font Info:    Font shape `OT1/zi4/m/n' will be
(Font)              scaled to size 12.0pt on input line 130.
 [2{d:/Texlive/texlive/2023/texmf-dist/fonts/enc/dvips/inconsolata/i4-ot1-0.enc}] [3] (d:/Texlive/texlive/2023/texmf-dist/tex/latex/listings/lstlang1.sty
File: lstlang1.sty 2024/02/21 1.10 listings language file
)
Package hyperref Info: bookmark level for unknown lstlisting defaults to 0 on input line 203.
LaTeX Font Info:    Font shape `OT1/zi4/m/n' will be
(Font)              scaled to size 10.0pt on input line 203.

d:/Ê°åÈù¢/Êú∫Âô®Â≠¶‰π†/MLÂÆûÈ™å/MLÂÆûÈ™å‰∫å/ÂÆûÈ™åÊä•Âëä/ML2.tex:220: Improper alphabetic constant.
<to be read again> 
                   \lst@FillFixed@ 
l.220 # ËØªÂèñ 
               CSV Êñá‰ª∂
A one-character control sequence belongs after a ` mark.
So I'm essentially inserting \0 here.

d:/Ê°åÈù¢/Êú∫Âô®Â≠¶‰π†/MLÂÆûÈ™å/MLÂÆûÈ™å‰∫å/ÂÆûÈ™åÊä•Âëä/ML2.tex:220: Argument of \lst@FillFixed@ has an extra }.
<inserted text> 
                \par 
l.220 # ËØªÂèñ 
               CSV Êñá‰ª∂
I've run across a `}' that doesn't seem to match anything.
For example, `\def\a#1{...}' and `\a}' would produce
this error. If you simply proceed now, the `\par' that
I've just inserted will cause me to report a runaway
argument that might be the root of the problem. But if
your `}' was spurious, just type `2' and it will go away.

Runaway argument?
d:/Ê°åÈù¢/Êú∫Âô®Â≠¶‰π†/MLÂÆûÈ™å/MLÂÆûÈ™å‰∫å/ÂÆûÈ™åÊä•Âëä/ML2.tex:220: Paragraph ended before \lst@FillFixed@ was complete.
<to be read again> 
                   \par 
l.220 # ËØªÂèñ 
               CSV Êñá‰ª∂
I suspect you've forgotten a `}', causing me to apply this
control sequence to too much text. How can we recover?
My plan is to forget the whole thing and hope for the best.

d:/Ê°åÈù¢/Êú∫Âô®Â≠¶‰π†/MLÂÆûÈ™å/MLÂÆûÈ™å‰∫å/ÂÆûÈ™åÊä•Âëä/ML2.tex:220: Improper alphabetic constant.
<to be read again> 
                   \lst@ECØ 
l.220 # ËØªÂèñ 
               CSV Êñá‰ª∂
A one-character control sequence belongs after a ` mark.
So I'm essentially inserting \0 here.

Runaway argument?
{48
d:/Ê°åÈù¢/Êú∫Âô®Â≠¶‰π†/MLÂÆûÈ™å/MLÂÆûÈ™å‰∫å/ÂÆûÈ™åÊä•Âëä/ML2.tex:220: Paragraph ended before \CJK@232 was complete.
<to be read again> 
                   \par 
l.220 # ËØªÂèñ 
               CSV Êñá‰ª∂
I suspect you've forgotten a `}', causing me to apply this
control sequence to too much text. How can we recover?
My plan is to forget the whole thing and hope for the best.

Missing character: There is no Ø in font ot1-zi4r-0!
Missing character: There is no ª in font ot1-zi4r-0!
d:/Ê°åÈù¢/Êú∫Âô®Â≠¶‰π†/MLÂÆûÈ™å/MLÂÆûÈ™å‰∫å/ÂÆûÈ™åÊä•Âëä/ML2.tex:220: Improper alphabetic constant.
<to be read again> 
                   \lst@ECè 
l.220 # ËØªÂèñ 
               CSV Êñá‰ª∂
A one-character control sequence belongs after a ` mark.
So I'm essentially inserting \0 here.

d:/Ê°åÈù¢/Êú∫Âô®Â≠¶‰π†/MLÂÆûÈ™å/MLÂÆûÈ™å‰∫å/ÂÆûÈ™åÊä•Âëä/ML2.tex:220: Improper alphabetic constant.
<to be read again> 
                   \lst@ECñ 
l.220 # ËØªÂèñ 
               CSV Êñá‰ª∂
A one-character control sequence belongs after a ` mark.
So I'm essentially inserting \0 here.

d:/Ê°åÈù¢/Êú∫Âô®Â≠¶‰π†/MLÂÆûÈ™å/MLÂÆûÈ™å‰∫å/ÂÆûÈ™åÊä•Âëä/ML2.tex:220: Missing = inserted for \ifnum.
<to be read again> 
                   è
l.220 # ËØªÂèñ 
               CSV Êñá‰ª∂
I was expecting to see `<', `=', or `>'. Didn't.

d:/Ê°åÈù¢/Êú∫Âô®Â≠¶‰π†/MLÂÆûÈ™å/MLÂÆûÈ™å‰∫å/ÂÆûÈ™åÊä•Âëä/ML2.tex:220: Missing number, treated as zero.
<to be read again> 
                   è
l.220 # ËØªÂèñ 
               CSV Êñá‰ª∂
A number should have been here; I inserted `0'.
(If you can't figure out why I needed to see a number,
look up `weird error' in the index to The TeXbook.)

d:/Ê°åÈù¢/Êú∫Âô®Â≠¶‰π†/MLÂÆûÈ™å/MLÂÆûÈ™å‰∫å/ÂÆûÈ™åÊä•Âëä/ML2.tex:220: Missing = inserted for \ifnum.
<to be read again> 
                   è
l.220 # ËØªÂèñ 
               CSV Êñá‰ª∂
I was expecting to see `<', `=', or `>'. Didn't.

d:/Ê°åÈù¢/Êú∫Âô®Â≠¶‰π†/MLÂÆûÈ™å/MLÂÆûÈ™å‰∫å/ÂÆûÈ™åÊä•Âëä/ML2.tex:220: Missing number, treated as zero.
<to be read again> 
                   è
l.220 # ËØªÂèñ 
               CSV Êñá‰ª∂
A number should have been here; I inserted `0'.
(If you can't figure out why I needed to see a number,
look up `weird error' in the index to The TeXbook.)

d:/Ê°åÈù¢/Êú∫Âô®Â≠¶‰π†/MLÂÆûÈ™å/MLÂÆûÈ™å‰∫å/ÂÆûÈ™åÊä•Âëä/ML2.tex:220: Missing = inserted for \ifnum.
<to be read again> 
                   ñ
l.220 # ËØªÂèñ 
               CSV Êñá‰ª∂
I was expecting to see `<', `=', or `>'. Didn't.

d:/Ê°åÈù¢/Êú∫Âô®Â≠¶‰π†/MLÂÆûÈ™å/MLÂÆûÈ™å‰∫å/ÂÆûÈ™åÊä•Âëä/ML2.tex:220: Missing number, treated as zero.
<to be read again> 
                   ñ
l.220 # ËØªÂèñ 
               CSV Êñá‰ª∂
A number should have been here; I inserted `0'.
(If you can't figure out why I needed to see a number,
look up `weird error' in the index to The TeXbook.)

d:/Ê°åÈù¢/Êú∫Âô®Â≠¶‰π†/MLÂÆûÈ™å/MLÂÆûÈ™å‰∫å/ÂÆûÈ™åÊä•Âëä/ML2.tex:220: Missing = inserted for \ifnum.
<to be read again> 
                   ñ
l.220 # ËØªÂèñ 
               CSV Êñá‰ª∂
I was expecting to see `<', `=', or `>'. Didn't.

d:/Ê°åÈù¢/Êú∫Âô®Â≠¶‰π†/MLÂÆûÈ™å/MLÂÆûÈ™å‰∫å/ÂÆûÈ™åÊä•Âëä/ML2.tex:220: Missing number, treated as zero.
<to be read again> 
                   ñ
l.220 # ËØªÂèñ 
               CSV Êñá‰ª∂
A number should have been here; I inserted `0'.
(If you can't figure out why I needed to see a number,
look up `weird error' in the index to The TeXbook.)

Missing character: There is no è in font ot1-zi4r-0!
Missing character: There is no è in font ot1-zi4r-0!
Missing character: There is no ñ in font ot1-zi4r-0!
LaTeX Font Info:    Trying to load font information for C70+zhfs on input line 220.
(d:/Texlive/texlive/2023/texmf-dist/tex/latex/zhmetrics/c70zhfs.fd
File: c70zhfs.fd 2009/09/23 4.8.2
)
d:/Ê°åÈù¢/Êú∫Âô®Â≠¶‰π†/MLÂÆûÈ™å/MLÂÆûÈ™å‰∫å/ÂÆûÈ™åÊä•Âëä/ML2.tex:220: Bad character code (-80).
<argument> \@tempcnta 
                      
l.220 # ËØªÂèñ 
               CSV Êñá‰ª∂
A character number must be between 0 and 255.
I changed this one to zero.

d:/Ê°åÈù¢/Êú∫Âô®Â≠¶‰π†/MLÂÆûÈ™å/MLÂÆûÈ™å‰∫å/ÂÆûÈ™åÊä•Âëä/ML2.tex:220: Improper alphabetic constant.
<to be read again> 
                   \lst@FillFixed@ 
l.220 # ËØªÂèñ CSV Êñá‰ª∂
                         
A one-character control sequence belongs after a ` mark.
So I'm essentially inserting \0 here.

d:/Ê°åÈù¢/Êú∫Âô®Â≠¶‰π†/MLÂÆûÈ™å/MLÂÆûÈ™å‰∫å/ÂÆûÈ™åÊä•Âëä/ML2.tex:220: Argument of \lst@FillFixed@ has an extra }.
<inserted text> 
                \par 
l.220 # ËØªÂèñ CSV Êñá‰ª∂
                         
I've run across a `}' that doesn't seem to match anything.
For example, `\def\a#1{...}' and `\a}' would produce
this error. If you simply proceed now, the `\par' that
I've just inserted will cause me to report a runaway
argument that might be the root of the problem. But if
your `}' was spurious, just type `2' and it will go away.

Runaway argument?
d:/Ê°åÈù¢/Êú∫Âô®Â≠¶‰π†/MLÂÆûÈ™å/MLÂÆûÈ™å‰∫å/ÂÆûÈ™åÊä•Âëä/ML2.tex:220: Paragraph ended before \lst@FillFixed@ was complete.
<to be read again> 
                   \par 
l.220 # ËØªÂèñ CSV Êñá‰ª∂
                         
I suspect you've forgotten a `}', causing me to apply this
control sequence to too much text. How can we recover?
My plan is to forget the whole thing and hope for the best.

d:/Ê°åÈù¢/Êú∫Âô®Â≠¶‰π†/MLÂÆûÈ™å/MLÂÆûÈ™å‰∫å/ÂÆûÈ™åÊä•Âëä/ML2.tex:220: Improper alphabetic constant.
<to be read again> 
                   \lst@ECñ 
l.220 # ËØªÂèñ CSV Êñá‰ª∂
                         
A one-character control sequence belongs after a ` mark.
So I'm essentially inserting \0 here.

Runaway argument?
{48
d:/Ê°åÈù¢/Êú∫Âô®Â≠¶‰π†/MLÂÆûÈ™å/MLÂÆûÈ™å‰∫å/ÂÆûÈ™åÊä•Âëä/ML2.tex:220: Paragraph ended before \CJK@230 was complete.
<to be read again> 
                   \par 
l.220 # ËØªÂèñ CSV Êñá‰ª∂
                         
I suspect you've forgotten a `}', causing me to apply this
control sequence to too much text. How can we recover?
My plan is to forget the whole thing and hope for the best.

Missing character: There is no ñ in font ot1-zi4r-0!
Missing character: There is no á in font ot1-zi4r-0!
d:/Ê°åÈù¢/Êú∫Âô®Â≠¶‰π†/MLÂÆûÈ™å/MLÂÆûÈ™å‰∫å/ÂÆûÈ™åÊä•Âëä/ML2.tex:220: Improper alphabetic constant.
<to be read again> 
                   \lst@ECª 
l.220 # ËØªÂèñ CSV Êñá‰ª∂
                         
A one-character control sequence belongs after a ` mark.
So I'm essentially inserting \0 here.

d:/Ê°åÈù¢/Êú∫Âô®Â≠¶‰π†/MLÂÆûÈ™å/MLÂÆûÈ™å‰∫å/ÂÆûÈ™åÊä•Âëä/ML2.tex:220: Improper alphabetic constant.
<to be read again> 
                   \lst@EC∂ 
l.220 # ËØªÂèñ CSV Êñá‰ª∂
                         
A one-character control sequence belongs after a ` mark.
So I'm essentially inserting \0 here.

d:/Ê°åÈù¢/Êú∫Âô®Â≠¶‰π†/MLÂÆûÈ™å/MLÂÆûÈ™å‰∫å/ÂÆûÈ™åÊä•Âëä/ML2.tex:220: Missing = inserted for \ifnum.
<to be read again> 
                   ª
l.220 # ËØªÂèñ CSV Êñá‰ª∂
                         
I was expecting to see `<', `=', or `>'. Didn't.

d:/Ê°åÈù¢/Êú∫Âô®Â≠¶‰π†/MLÂÆûÈ™å/MLÂÆûÈ™å‰∫å/ÂÆûÈ™åÊä•Âëä/ML2.tex:220: Missing number, treated as zero.
<to be read again> 
                   ª
l.220 # ËØªÂèñ CSV Êñá‰ª∂
                         
A number should have been here; I inserted `0'.
(If you can't figure out why I needed to see a number,
look up `weird error' in the index to The TeXbook.)

d:/Ê°åÈù¢/Êú∫Âô®Â≠¶‰π†/MLÂÆûÈ™å/MLÂÆûÈ™å‰∫å/ÂÆûÈ™åÊä•Âëä/ML2.tex:220: Missing = inserted for \ifnum.
<to be read again> 
                   ª
l.220 # ËØªÂèñ CSV Êñá‰ª∂
                         
I was expecting to see `<', `=', or `>'. Didn't.

d:/Ê°åÈù¢/Êú∫Âô®Â≠¶‰π†/MLÂÆûÈ™å/MLÂÆûÈ™å‰∫å/ÂÆûÈ™åÊä•Âëä/ML2.tex:220: Missing number, treated as zero.
<to be read again> 
                   ª
l.220 # ËØªÂèñ CSV Êñá‰ª∂
                         
A number should have been here; I inserted `0'.
(If you can't figure out why I needed to see a number,
look up `weird error' in the index to The TeXbook.)

d:/Ê°åÈù¢/Êú∫Âô®Â≠¶‰π†/MLÂÆûÈ™å/MLÂÆûÈ™å‰∫å/ÂÆûÈ™åÊä•Âëä/ML2.tex:220: Missing = inserted for \ifnum.
<to be read again> 
                   ∂
l.220 # ËØªÂèñ CSV Êñá‰ª∂
                         
I was expecting to see `<', `=', or `>'. Didn't.

d:/Ê°åÈù¢/Êú∫Âô®Â≠¶‰π†/MLÂÆûÈ™å/MLÂÆûÈ™å‰∫å/ÂÆûÈ™åÊä•Âëä/ML2.tex:220: Missing number, treated as zero.
<to be read again> 
                   ∂
l.220 # ËØªÂèñ CSV Êñá‰ª∂
                         
A number should have been here; I inserted `0'.
(If you can't figure out why I needed to see a number,
look up `weird error' in the index to The TeXbook.)

d:/Ê°åÈù¢/Êú∫Âô®Â≠¶‰π†/MLÂÆûÈ™å/MLÂÆûÈ™å‰∫å/ÂÆûÈ™åÊä•Âëä/ML2.tex:220: Missing = inserted for \ifnum.
<to be read again> 
                   ∂
l.220 # ËØªÂèñ CSV Êñá‰ª∂
                         
I was expecting to see `<', `=', or `>'. Didn't.

d:/Ê°åÈù¢/Êú∫Âô®Â≠¶‰π†/MLÂÆûÈ™å/MLÂÆûÈ™å‰∫å/ÂÆûÈ™åÊä•Âëä/ML2.tex:220: Missing number, treated as zero.
<to be read again> 
                   ∂
l.220 # ËØªÂèñ CSV Êñá‰ª∂
                         
A number should have been here; I inserted `0'.
(If you can't figure out why I needed to see a number,
look up `weird error' in the index to The TeXbook.)

Missing character: There is no ª in font ot1-zi4r-0!
Missing character: There is no ª in font ot1-zi4r-0!
Missing character: There is no ∂ in font ot1-zi4r-0!
d:/Ê°åÈù¢/Êú∫Âô®Â≠¶‰π†/MLÂÆûÈ™å/MLÂÆûÈ™å‰∫å/ÂÆûÈ™åÊä•Âëä/ML2.tex:220: Bad character code (-80).
<argument> \@tempcnta 
                      
l.220 # ËØªÂèñ CSV Êñá‰ª∂
                         
A character number must be between 0 and 255.
I changed this one to zero.

d:/Ê°åÈù¢/Êú∫Âô®Â≠¶‰π†/MLÂÆûÈ™å/MLÂÆûÈ™å‰∫å/ÂÆûÈ™åÊä•Âëä/ML2.tex:221: Missing $ inserted.
<inserted text> 
                $
l.221 df = pd.read_
                   csv('song_data.csv')
I've inserted a begin-math/end-math symbol since I think
you left one out. Proceed, with fingers crossed.

d:/Ê°åÈù¢/Êú∫Âô®Â≠¶‰π†/MLÂÆûÈ™å/MLÂÆûÈ™å‰∫å/ÂÆûÈ™åÊä•Âëä/ML2.tex:222: You can't use `macro parameter character #' in math mode.
l.222 #
        # Ê†áËÆ∞ÈáçÂ§çË°åÔºàÂÆåÂÖ®Áõ∏ÂêåÁöÑË°åËßÜ‰∏∫ÈáçÂ§çÔºâ
Sorry, but I'm not programmed to handle this case;
I'll just pretend that you didn't ask for it.
If you're in the wrong mode, you might be able to
return to the right one by typing `I}' or `I$' or `I\par'.

d:/Ê°åÈù¢/Êú∫Âô®Â≠¶‰π†/MLÂÆûÈ™å/MLÂÆûÈ™å‰∫å/ÂÆûÈ™åÊä•Âëä/ML2.tex:222: You can't use `macro parameter character #' in math mode.
l.222 # #
          Ê†áËÆ∞ÈáçÂ§çË°åÔºàÂÆåÂÖ®Áõ∏ÂêåÁöÑË°åËßÜ‰∏∫ÈáçÂ§çÔºâ
Sorry, but I'm not programmed to handle this case;
I'll just pretend that you didn't ask for it.
If you're in the wrong mode, you might be able to
return to the right one by typing `I}' or `I$' or `I\par'.

Package CJKpunct Info: use punctuation spaces for family 'zhfs' with punctstyle (quanjiao) on input line 222.
d:/Ê°åÈù¢/Êú∫Âô®Â≠¶‰π†/MLÂÆûÈ™å/MLÂÆûÈ™å‰∫å/ÂÆûÈ™åÊä•Âëä/ML2.tex:223: You can't use `macro parameter character #' in math mode.
l.223 #
        df['is_duplicate'] = df.duplicated(keep=False) # keep=False ‰ºöÊ†áËÆ...
Sorry, but I'm not programmed to handle this case;
I'll just pretend that you didn't ask for it.
If you're in the wrong mode, you might be able to
return to the right one by typing `I}' or `I$' or `I\par'.

d:/Ê°åÈù¢/Êú∫Âô®Â≠¶‰π†/MLÂÆûÈ™å/MLÂÆûÈ™å‰∫å/ÂÆûÈ™åÊä•Âëä/ML2.tex:223: You can't use `macro parameter character #' in math mode.
l.223 ...duplicate'] = df.duplicated(keep=False) #
                                                   keep=False ‰ºöÊ†áËÆ∞ÊâÄ
Sorry, but I'm not programmed to handle this case;
I'll just pretend that you didn't ask for it.
If you're in the wrong mode, you might be able to
return to the right one by typing `I}' or `I$' or `I\par'.

d:/Ê°åÈù¢/Êú∫Âô®Â≠¶‰π†/MLÂÆûÈ™å/MLÂÆûÈ™å‰∫å/ÂÆûÈ™åÊä•Âëä/ML2.tex:225: You can't use `macro parameter character #' in math mode.
l.225 #
       
Sorry, but I'm not programmed to handle this case;
I'll just pretend that you didn't ask for it.
If you're in the wrong mode, you might be able to
return to the right one by typing `I}' or `I$' or `I\par'.

d:/Ê°åÈù¢/Êú∫Âô®Â≠¶‰π†/MLÂÆûÈ™å/MLÂÆûÈ™å‰∫å/ÂÆûÈ™åÊä•Âëä/ML2.tex:226: You can't use `macro parameter character #' in math mode.
l.226 #
        # ËÆ°ÁÆóÈáçÂ§ç‰∏éÈùûÈáçÂ§çÁöÑË°åÊï∞
Sorry, but I'm not programmed to handle this case;
I'll just pretend that you didn't ask for it.
If you're in the wrong mode, you might be able to
return to the right one by typing `I}' or `I$' or `I\par'.

d:/Ê°åÈù¢/Êú∫Âô®Â≠¶‰π†/MLÂÆûÈ™å/MLÂÆûÈ™å‰∫å/ÂÆûÈ™åÊä•Âëä/ML2.tex:226: You can't use `macro parameter character #' in math mode.
l.226 # #
          ËÆ°ÁÆóÈáçÂ§ç‰∏éÈùûÈáçÂ§çÁöÑË°åÊï∞
Sorry, but I'm not programmed to handle this case;
I'll just pretend that you didn't ask for it.
If you're in the wrong mode, you might be able to
return to the right one by typing `I}' or `I$' or `I\par'.

d:/Ê°åÈù¢/Êú∫Âô®Â≠¶‰π†/MLÂÆûÈ™å/MLÂÆûÈ™å‰∫å/ÂÆûÈ™åÊä•Âëä/ML2.tex:227: You can't use `macro parameter character #' in math mode.
l.227 #
        duplicate_distribution = df['is_duplicate'].value_counts()
Sorry, but I'm not programmed to handle this case;
I'll just pretend that you didn't ask for it.
If you're in the wrong mode, you might be able to
return to the right one by typing `I}' or `I$' or `I\par'.

d:/Ê°åÈù¢/Êú∫Âô®Â≠¶‰π†/MLÂÆûÈ™å/MLÂÆûÈ™å‰∫å/ÂÆûÈ™åÊä•Âëä/ML2.tex:228: You can't use `macro parameter character #' in math mode.
l.228 #
       
Sorry, but I'm not programmed to handle this case;
I'll just pretend that you didn't ask for it.
If you're in the wrong mode, you might be able to
return to the right one by typing `I}' or `I$' or `I\par'.

d:/Ê°åÈù¢/Êú∫Âô®Â≠¶‰π†/MLÂÆûÈ™å/MLÂÆûÈ™å‰∫å/ÂÆûÈ™åÊä•Âëä/ML2.tex:229: You can't use `macro parameter character #' in math mode.
l.229 #
        # ÁªòÂà∂ÈáçÂ§çË°åÂàÜÂ∏ÉÁöÑÊù°ÂΩ¢Âõæ
Sorry, but I'm not programmed to handle this case;
I'll just pretend that you didn't ask for it.
If you're in the wrong mode, you might be able to
return to the right one by typing `I}' or `I$' or `I\par'.

d:/Ê°åÈù¢/Êú∫Âô®Â≠¶‰π†/MLÂÆûÈ™å/MLÂÆûÈ™å‰∫å/ÂÆûÈ™åÊä•Âëä/ML2.tex:229: You can't use `macro parameter character #' in math mode.
l.229 # #
          ÁªòÂà∂ÈáçÂ§çË°åÂàÜÂ∏ÉÁöÑÊù°ÂΩ¢Âõæ
Sorry, but I'm not programmed to handle this case;
I'll just pretend that you didn't ask for it.
If you're in the wrong mode, you might be able to
return to the right one by typing `I}' or `I$' or `I\par'.

d:/Ê°åÈù¢/Êú∫Âô®Â≠¶‰π†/MLÂÆûÈ™å/MLÂÆûÈ™å‰∫å/ÂÆûÈ™åÊä•Âëä/ML2.tex:230: You can't use `macro parameter character #' in math mode.
l.230 #
        plt.figure(figsize=(8, 6))
Sorry, but I'm not programmed to handle this case;
I'll just pretend that you didn't ask for it.
If you're in the wrong mode, you might be able to
return to the right one by typing `I}' or `I$' or `I\par'.

d:/Ê°åÈù¢/Êú∫Âô®Â≠¶‰π†/MLÂÆûÈ™å/MLÂÆûÈ™å‰∫å/ÂÆûÈ™åÊä•Âëä/ML2.tex:231: You can't use `macro parameter character #' in math mode.
l.231 #
        duplicate_distribution.plot(kind='bar')
Sorry, but I'm not programmed to handle this case;
I'll just pretend that you didn't ask for it.
If you're in the wrong mode, you might be able to
return to the right one by typing `I}' or `I$' or `I\par'.

d:/Ê°åÈù¢/Êú∫Âô®Â≠¶‰π†/MLÂÆûÈ™å/MLÂÆûÈ™å‰∫å/ÂÆûÈ™åÊä•Âëä/ML2.tex:232: You can't use `macro parameter character #' in math mode.
l.232 #
        plt.title('Distribution of Duplicate Rows')
Sorry, but I'm not programmed to handle this case;
I'll just pretend that you didn't ask for it.
If you're in the wrong mode, you might be able to
return to the right one by typing `I}' or `I$' or `I\par'.

d:/Ê°åÈù¢/Êú∫Âô®Â≠¶‰π†/MLÂÆûÈ™å/MLÂÆûÈ™å‰∫å/ÂÆûÈ™åÊä•Âëä/ML2.tex:233: You can't use `macro parameter character #' in math mode.
l.233 #
        plt.xticks(ticks=[0, 1], labels=['Unique Rows', 'Duplicate Rows'],
Sorry, but I'm not programmed to handle this case;
I'll just pretend that you didn't ask for it.
If you're in the wrong mode, you might be able to
return to the right one by typing `I}' or `I$' or `I\par'.

d:/Ê°åÈù¢/Êú∫Âô®Â≠¶‰π†/MLÂÆûÈ™å/MLÂÆûÈ™å‰∫å/ÂÆûÈ™åÊä•Âëä/ML2.tex:235: You can't use `macro parameter character #' in math mode.
l.235 #
        plt.ylabel('Count')
Sorry, but I'm not programmed to handle this case;
I'll just pretend that you didn't ask for it.
If you're in the wrong mode, you might be able to
return to the right one by typing `I}' or `I$' or `I\par'.

d:/Ê°åÈù¢/Êú∫Âô®Â≠¶‰π†/MLÂÆûÈ™å/MLÂÆûÈ™å‰∫å/ÂÆûÈ™åÊä•Âëä/ML2.tex:236: You can't use `macro parameter character #' in math mode.
l.236 #
        plt.xlabel('Row Type')
Sorry, but I'm not programmed to handle this case;
I'll just pretend that you didn't ask for it.
If you're in the wrong mode, you might be able to
return to the right one by typing `I}' or `I$' or `I\par'.

d:/Ê°åÈù¢/Êú∫Âô®Â≠¶‰π†/MLÂÆûÈ™å/MLÂÆûÈ™å‰∫å/ÂÆûÈ™åÊä•Âëä/ML2.tex:237: You can't use `macro parameter character #' in math mode.
l.237 #
        plt.show()
Sorry, but I'm not programmed to handle this case;
I'll just pretend that you didn't ask for it.
If you're in the wrong mode, you might be able to
return to the right one by typing `I}' or `I$' or `I\par'.

d:/Ê°åÈù¢/Êú∫Âô®Â≠¶‰π†/MLÂÆûÈ™å/MLÂÆûÈ™å‰∫å/ÂÆûÈ™åÊä•Âëä/ML2.tex:238: Missing $ inserted.
<inserted text> 
                $
l.238 \end{lstlisting}
                      
I've inserted a begin-math/end-math symbol since I think
you left one out. Proceed, with fingers crossed.

Missing character: There is no ∞ in font cmr10!
Missing character: There is no Õ in font cmr10!
Missing character: There is no å in font cmr10!
Missing character: There is no ¯ in font cmr10!
Missing character: There is no Ñ in font cmr10!
Missing character: There is no ∆ in font cmr10!
Missing character: There is no Õ in font cmr10!
Missing character: There is no ∞ in font cmr10!
Missing character: There is no Ñ in font cmr10!
Missing character: There is no Õ in font cmr10!
Missing character: There is no ° in font cmr10!
Missing character: There is no ó in font cmr10!
Missing character: There is no Õ in font cmr10!
Missing character: There is no Õ in font cmr10!
Missing character: There is no Ñ in font cmr10!
Missing character: There is no ÿ in font cmr10!
Missing character: There is no Õ in font cmr10!
Missing character: There is no Ñ in font cmr10!
Missing character: There is no ˛ in font cmr10!
d:/Ê°åÈù¢/Êú∫Âô®Â≠¶‰π†/MLÂÆûÈ™å/MLÂÆûÈ™å‰∫å/ÂÆûÈ™åÊä•Âëä/ML2.tex:238: Infinite glue shrinkage found in a paragraph.
<recently read> \tex_par:D 
                           
l.238 \end{lstlisting}
                      
The paragraph just ended includes some glue that has
infinite shrinkability, e.g., `\hskip 0pt minus 1fil'.
Such glue doesn't belong there---it allows a paragraph
of any length to fit on one line. But it's safe to proceed,
since the offensive shrinkability has been made finite.

[4] (./ML2.aux)
 ***********
LaTeX2e <2023-11-01> patch level 1
L3 programming layer <2022/07/14>
 ***********


Package rerunfilecheck Warning: File `ML2.out' has changed.
(rerunfilecheck)                Rerun to get outlines right
(rerunfilecheck)                or use package `bookmark'.

Package rerunfilecheck Info: Checksums for `ML2.out':
(rerunfilecheck)             Before: <no file>
(rerunfilecheck)             After:  429C6F5EAC1AA26F0BE5574DBF2F9543;1125.
 ) 
Here is how much of TeX's memory you used:
 29300 strings out of 474137
 554898 string characters out of 5744493
 2006190 words of memory out of 5000000
 50776 multiletter control sequences out of 15000+600000
 612429 words of font info for 233 fonts, out of 8000000 for 9000
 1141 hyphenation exceptions out of 8191
 103i,8n,107p,778b,1677s stack positions out of 10000i,1000n,20000p,200000b,200000s
<c:/Windows/Fonts/simfang.ttf

pdfTeX warning: pdflatex.exe (file c:/Windows/Fonts/simfang.ttf): subfont unifs2c: wrong mapping: character 0 --> 0x2C00 --> .notdef
><c:/Windows/Fonts/simfang.ttf><c:/Windows/Fonts/simhei.ttf><c:/Windows/Fonts/simhei.ttf><c:/Windows/Fonts/simsun.ttc><c:/Windows/Fonts/simsun.ttc><c:/Windows/Fonts/simhei.ttf><c:/Windows/Fonts/simhei.ttf><c:/Windows/Fonts/simsun.ttc><c:/Windows/Fonts/simsun.ttc><c:/Windows/Fonts/simsun.ttc><c:/Windows/Fonts/simsun.ttc><c:/Windows/Fonts/simsun.ttc><c:/Windows/Fonts/simsun.ttc><c:/Windows/Fonts/simsun.ttc><c:/Windows/Fonts/simsun.ttc><c:/Windows/Fonts/simsun.ttc><c:/Windows/Fonts/simsun.ttc><c:/Windows/Fonts/simsun.ttc><c:/Windows/Fonts/simsun.ttc><c:/Windows/Fonts/simsun.ttc><c:/Windows/Fonts/simsun.ttc><c:/Windows/Fonts/simsun.ttc><c:/Windows/Fonts/simhei.ttf><c:/Windows/Fonts/simhei.ttf><c:/Windows/Fonts/simhei.ttf><c:/Windows/Fonts/simhei.ttf><c:/Windows/Fonts/simhei.ttf><c:/Windows/Fonts/simhei.ttf><c:/Windows/Fonts/simhei.ttf><c:/Windows/Fonts/simhei.ttf><c:/Windows/Fonts/simhei.ttf><c:/Windows/Fonts/simhei.ttf><c:/Windows/Fonts/simhei.ttf><c:/Windows/Fonts/simhei.ttf><c:/Windows/Fonts/simhei.ttf><c:/Windows/Fonts/simhei.ttf><c:/Windows/Fonts/simsun.ttc><c:/Windows/Fonts/simsun.ttc><c:/Windows/Fonts/simsun.ttc><c:/Windows/Fonts/simsun.ttc><c:/Windows/Fonts/simsun.ttc><c:/Windows/Fonts/simhei.ttf><c:/Windows/Fonts/simhei.ttf><c:/Windows/Fonts/simhei.ttf><c:/Windows/Fonts/simsun.ttc><c:/Windows/Fonts/simsun.ttc><c:/Windows/Fonts/simsun.ttc><c:/Windows/Fonts/simsun.ttc><c:/Windows/Fonts/simsun.ttc><c:/Windows/Fonts/simsun.ttc><c:/Windows/Fonts/simsun.ttc><c:/Windows/Fonts/simsun.ttc><c:/Windows/Fonts/simsun.ttc><c:/Windows/Fonts/simsun.ttc><c:/Windows/Fonts/simsun.ttc><c:/Windows/Fonts/simsun.ttc><c:/Windows/Fonts/simsun.ttc><c:/Windows/Fonts/simsun.ttc><c:/Windows/Fonts/simsun.ttc><c:/Windows/Fonts/simsun.ttc><c:/Windows/Fonts/simsun.ttc><c:/Windows/Fonts/simsun.ttc><c:/Windows/Fonts/simsun.ttc><c:/Windows/Fonts/simsun.ttc><c:/Windows/Fonts/simsun.ttc><c:/Windows/Fonts/simsun.ttc><c:/Windows/Fonts/simhei.ttf><c:/Windows/Fonts/simhei.ttf><c:/Windows/Fonts/simhei.ttf><c:/Windows/Fonts/simhei.ttf><c:/Windows/Fonts/simhei.ttf><c:/Windows/Fonts/simsun.ttc><c:/Windows/Fonts/simsun.ttc><c:/Windows/Fonts/simsun.ttc><c:/Windows/Fonts/simsun.ttc><c:/Windows/Fonts/simsun.ttc><c:/Windows/Fonts/simsun.ttc><c:/Windows/Fonts/simsun.ttc><c:/Windows/Fonts/simsun.ttc><c:/Windows/Fonts/simsun.ttc><c:/Windows/Fonts/simsun.ttc><c:/Windows/Fonts/simsun.ttc><c:/Windows/Fonts/simsun.ttc><c:/Windows/Fonts/simsun.ttc><c:/Windows/Fonts/simsun.ttc><c:/Windows/Fonts/simsun.ttc><c:/Windows/Fonts/simsun.ttc><c:/Windows/Fonts/simsun.ttc><c:/Windows/Fonts/simsun.ttc><c:/Windows/Fonts/simsun.ttc><c:/Windows/Fonts/simsun.ttc><c:/Windows/Fonts/simsun.ttc><c:/Windows/Fonts/simhei.ttf><c:/Windows/Fonts/simhei.ttf><c:/Windows/Fonts/simhei.ttf><c:/Windows/Fonts/simhei.ttf><c:/Windows/Fonts/simhei.ttf><c:/Windows/Fonts/simhei.ttf><c:/Windows/Fonts/simhei.ttf><d:/Texlive/texlive/2023/texmf-dist/fonts/type1/public/inconsolata/Inconsolata-zi4r.pfb><d:/Texlive/texlive/2023/texmf-dist/fonts/type1/public/amsfonts/cm/cmbx12.pfb><d:/Texlive/texlive/2023/texmf-dist/fonts/type1/public/amsfonts/cm/cmmi10.pfb><d:/Texlive/texlive/2023/texmf-dist/fonts/type1/public/amsfonts/cm/cmmi7.pfb><d:/Texlive/texlive/2023/texmf-dist/fonts/type1/public/amsfonts/cm/cmr10.pfb><d:/Texlive/texlive/2023/texmf-dist/fonts/type1/public/amsfonts/cm/cmr12.pfb><d:/Texlive/texlive/2023/texmf-dist/fonts/type1/public/amsfonts/cm/cmr17.pfb><d:/Texlive/texlive/2023/texmf-dist/fonts/type1/public/amsfonts/cm/cmr6.pfb><d:/Texlive/texlive/2023/texmf-dist/fonts/type1/public/amsfonts/cm/cmsy10.pfb><d:/Texlive/texlive/2023/texmf-dist/fonts/type1/public/amsfonts/cm/cmsy7.pfb><d:/Texlive/texlive/2023/texmf-dist/fonts/type1/public/amsfonts/cm/cmti12.pfb><d:/Texlive/texlive/2023/texmf-dist/fonts/type1/public/cm-super/sfrm1200.pfb>
Output written on ML2.pdf (5 pages, 551713 bytes).
PDF statistics:
 645 PDF objects out of 1000 (max. 8388607)
 441 compressed objects within 5 object streams
 71 named destinations out of 1000 (max. 500000)
 285 words of extra memory for PDF output out of 10000 (max. 10000000)

